2024-08-04 20:11:22,687 - setup - INFO - Logging is set up. Level: DEBUG, Log file: app.log
2024-08-04 20:11:22,701 - setup - DEBUG - Database connection check result: (1,)
2024-08-04 20:11:22,702 - setup - INFO - Database connection initialized successfully.
2024-08-04 20:11:22,824 - setup - DEBUG - Registered URL rule: /static/<path:filename>
2024-08-04 20:11:22,825 - setup - DEBUG - Registered URL rule: /admin/static/<path:filename>
2024-08-04 20:11:22,826 - setup - DEBUG - Registered URL rule: /admin/
2024-08-04 20:11:22,827 - setup - DEBUG - Registered URL rule: /admin/reservationmodel/action/
2024-08-04 20:11:22,828 - setup - DEBUG - Registered URL rule: /admin/reservationmodel/ajax/lookup/
2024-08-04 20:11:22,829 - setup - DEBUG - Registered URL rule: /admin/reservationmodel/ajax/update/
2024-08-04 20:11:22,830 - setup - DEBUG - Registered URL rule: /admin/reservationmodel/new/
2024-08-04 20:11:22,831 - setup - DEBUG - Registered URL rule: /admin/reservationmodel/delete/
2024-08-04 20:11:22,832 - setup - DEBUG - Registered URL rule: /admin/reservationmodel/details/
2024-08-04 20:11:22,833 - setup - DEBUG - Registered URL rule: /admin/reservationmodel/edit/
2024-08-04 20:11:22,834 - setup - DEBUG - Registered URL rule: /admin/reservationmodel/export/<export_type>/
2024-08-04 20:11:22,835 - setup - DEBUG - Registered URL rule: /admin/reservationmodel/
2024-08-04 20:11:22,836 - setup - DEBUG - Registered URL rule: /admin/usermodel/action/
2024-08-04 20:11:22,837 - setup - DEBUG - Registered URL rule: /admin/usermodel/ajax/lookup/
2024-08-04 20:11:22,838 - setup - DEBUG - Registered URL rule: /admin/usermodel/ajax/update/
2024-08-04 20:11:22,839 - setup - DEBUG - Registered URL rule: /admin/usermodel/new/
2024-08-04 20:11:22,840 - setup - DEBUG - Registered URL rule: /admin/usermodel/delete/
2024-08-04 20:11:22,842 - setup - DEBUG - Registered URL rule: /admin/usermodel/details/
2024-08-04 20:11:22,843 - setup - DEBUG - Registered URL rule: /admin/usermodel/edit/
2024-08-04 20:11:22,844 - setup - DEBUG - Registered URL rule: /admin/usermodel/export/<export_type>/
2024-08-04 20:11:22,844 - setup - DEBUG - Registered URL rule: /admin/usermodel/
2024-08-04 20:11:22,846 - setup - DEBUG - Registered URL rule: /admin/slotmodel/action/
2024-08-04 20:11:22,847 - setup - DEBUG - Registered URL rule: /admin/slotmodel/ajax/lookup/
2024-08-04 20:11:22,848 - setup - DEBUG - Registered URL rule: /admin/slotmodel/ajax/update/
2024-08-04 20:11:22,849 - setup - DEBUG - Registered URL rule: /admin/slotmodel/new/
2024-08-04 20:11:22,850 - setup - DEBUG - Registered URL rule: /admin/slotmodel/delete/
2024-08-04 20:11:22,851 - setup - DEBUG - Registered URL rule: /admin/slotmodel/details/
2024-08-04 20:11:22,852 - setup - DEBUG - Registered URL rule: /admin/slotmodel/edit/
2024-08-04 20:11:22,853 - setup - DEBUG - Registered URL rule: /admin/slotmodel/export/<export_type>/
2024-08-04 20:11:22,854 - setup - DEBUG - Registered URL rule: /admin/slotmodel/
2024-08-04 20:11:22,855 - setup - DEBUG - Registered URL rule: /admin/servicemodel/action/
2024-08-04 20:11:22,856 - setup - DEBUG - Registered URL rule: /admin/servicemodel/ajax/lookup/
2024-08-04 20:11:22,857 - setup - DEBUG - Registered URL rule: /admin/servicemodel/ajax/update/
2024-08-04 20:11:22,858 - setup - DEBUG - Registered URL rule: /admin/servicemodel/new/
2024-08-04 20:11:22,859 - setup - DEBUG - Registered URL rule: /admin/servicemodel/delete/
2024-08-04 20:11:22,860 - setup - DEBUG - Registered URL rule: /admin/servicemodel/details/
2024-08-04 20:11:22,861 - setup - DEBUG - Registered URL rule: /admin/servicemodel/edit/
2024-08-04 20:11:22,862 - setup - DEBUG - Registered URL rule: /admin/servicemodel/export/<export_type>/
2024-08-04 20:11:22,863 - setup - DEBUG - Registered URL rule: /admin/servicemodel/
2024-08-04 20:11:22,864 - setup - DEBUG - Registered URL rule: /admin/companymodel/action/
2024-08-04 20:11:22,865 - setup - DEBUG - Registered URL rule: /admin/companymodel/ajax/lookup/
2024-08-04 20:11:22,866 - setup - DEBUG - Registered URL rule: /admin/companymodel/ajax/update/
2024-08-04 20:11:22,868 - setup - DEBUG - Registered URL rule: /admin/companymodel/new/
2024-08-04 20:11:22,869 - setup - DEBUG - Registered URL rule: /admin/companymodel/delete/
2024-08-04 20:11:22,870 - setup - DEBUG - Registered URL rule: /admin/companymodel/details/
2024-08-04 20:11:22,871 - setup - DEBUG - Registered URL rule: /admin/companymodel/edit/
2024-08-04 20:11:22,871 - setup - DEBUG - Registered URL rule: /admin/companymodel/export/<export_type>/
2024-08-04 20:11:22,872 - setup - DEBUG - Registered URL rule: /admin/companymodel/
2024-08-04 20:11:22,873 - setup - DEBUG - Registered URL rule: /admin/carwashmodel/action/
2024-08-04 20:11:22,874 - setup - DEBUG - Registered URL rule: /admin/carwashmodel/ajax/lookup/
2024-08-04 20:11:22,875 - setup - DEBUG - Registered URL rule: /admin/carwashmodel/ajax/update/
2024-08-04 20:11:22,876 - setup - DEBUG - Registered URL rule: /admin/carwashmodel/new/
2024-08-04 20:11:22,876 - setup - DEBUG - Registered URL rule: /admin/carwashmodel/delete/
2024-08-04 20:11:22,877 - setup - DEBUG - Registered URL rule: /admin/carwashmodel/details/
2024-08-04 20:11:22,878 - setup - DEBUG - Registered URL rule: /admin/carwashmodel/edit/
2024-08-04 20:11:22,879 - setup - DEBUG - Registered URL rule: /admin/carwashmodel/export/<export_type>/
2024-08-04 20:11:22,880 - setup - DEBUG - Registered URL rule: /admin/carwashmodel/
2024-08-04 20:11:22,881 - setup - DEBUG - Registered URL rule: /admin/extramodel/action/
2024-08-04 20:11:22,882 - setup - DEBUG - Registered URL rule: /admin/extramodel/ajax/lookup/
2024-08-04 20:11:22,883 - setup - DEBUG - Registered URL rule: /admin/extramodel/ajax/update/
2024-08-04 20:11:22,884 - setup - DEBUG - Registered URL rule: /admin/extramodel/new/
2024-08-04 20:11:22,885 - setup - DEBUG - Registered URL rule: /admin/extramodel/delete/
2024-08-04 20:11:22,886 - setup - DEBUG - Registered URL rule: /admin/extramodel/details/
2024-08-04 20:11:22,887 - setup - DEBUG - Registered URL rule: /admin/extramodel/edit/
2024-08-04 20:11:22,888 - setup - DEBUG - Registered URL rule: /admin/extramodel/export/<export_type>/
2024-08-04 20:11:22,888 - setup - DEBUG - Registered URL rule: /admin/extramodel/
2024-08-04 20:11:22,889 - setup - DEBUG - Registered URL rule: /admin/customermodel/action/
2024-08-04 20:11:22,890 - setup - DEBUG - Registered URL rule: /admin/customermodel/ajax/lookup/
2024-08-04 20:11:22,891 - setup - DEBUG - Registered URL rule: /admin/customermodel/ajax/update/
2024-08-04 20:11:22,891 - setup - DEBUG - Registered URL rule: /admin/customermodel/new/
2024-08-04 20:11:22,892 - setup - DEBUG - Registered URL rule: /admin/customermodel/delete/
2024-08-04 20:11:22,893 - setup - DEBUG - Registered URL rule: /admin/customermodel/details/
2024-08-04 20:11:22,893 - setup - DEBUG - Registered URL rule: /admin/customermodel/edit/
2024-08-04 20:11:22,894 - setup - DEBUG - Registered URL rule: /admin/customermodel/export/<export_type>/
2024-08-04 20:11:22,895 - setup - DEBUG - Registered URL rule: /admin/customermodel/
2024-08-04 20:11:22,896 - setup - DEBUG - Registered URL rule: /admin/billingmodel/action/
2024-08-04 20:11:22,896 - setup - DEBUG - Registered URL rule: /admin/billingmodel/ajax/lookup/
2024-08-04 20:11:22,897 - setup - DEBUG - Registered URL rule: /admin/billingmodel/ajax/update/
2024-08-04 20:11:22,898 - setup - DEBUG - Registered URL rule: /admin/billingmodel/new/
2024-08-04 20:11:22,899 - setup - DEBUG - Registered URL rule: /admin/billingmodel/delete/
2024-08-04 20:11:22,900 - setup - DEBUG - Registered URL rule: /admin/billingmodel/details/
2024-08-04 20:11:22,901 - setup - DEBUG - Registered URL rule: /admin/billingmodel/edit/
2024-08-04 20:11:22,902 - setup - DEBUG - Registered URL rule: /admin/billingmodel/export/<export_type>/
2024-08-04 20:11:22,903 - setup - DEBUG - Registered URL rule: /admin/billingmodel/
2024-08-04 20:11:22,904 - setup - DEBUG - Registered URL rule: /admin/carmodel/action/
2024-08-04 20:11:22,905 - setup - DEBUG - Registered URL rule: /admin/carmodel/ajax/lookup/
2024-08-04 20:11:22,906 - setup - DEBUG - Registered URL rule: /admin/carmodel/ajax/update/
2024-08-04 20:11:22,907 - setup - DEBUG - Registered URL rule: /admin/carmodel/new/
2024-08-04 20:11:22,907 - setup - DEBUG - Registered URL rule: /admin/carmodel/delete/
2024-08-04 20:11:22,908 - setup - DEBUG - Registered URL rule: /admin/carmodel/details/
2024-08-04 20:11:22,909 - setup - DEBUG - Registered URL rule: /admin/carmodel/edit/
2024-08-04 20:11:22,910 - setup - DEBUG - Registered URL rule: /admin/carmodel/export/<export_type>/
2024-08-04 20:11:22,911 - setup - DEBUG - Registered URL rule: /admin/carmodel/
2024-08-04 20:11:22,912 - setup - DEBUG - Registered URL rule: /admin/monthly_invoices/
2024-08-04 20:11:22,913 - setup - DEBUG - Registered URL rule: /billing/get_billing_data
2024-08-04 20:11:22,914 - setup - DEBUG - Registered URL rule: /billing/add_billing
2024-08-04 20:11:22,915 - setup - DEBUG - Registered URL rule: /reservation/
2024-08-04 20:11:22,916 - setup - DEBUG - Registered URL rule: /reservation/popup
2024-08-04 20:11:22,917 - setup - DEBUG - Registered URL rule: /reservation/add
2024-08-04 20:11:22,918 - setup - DEBUG - Registered URL rule: /user/
2024-08-04 20:11:22,919 - setup - DEBUG - Registered URL rule: /user/login
2024-08-04 20:11:22,920 - setup - DEBUG - Registered URL rule: /user/logout
2024-08-04 20:11:22,921 - setup - DEBUG - Registered URL rule: /user/add_user
2024-08-04 20:11:22,922 - setup - DEBUG - Registered URL rule: /user/test
2024-08-04 20:11:22,923 - setup - DEBUG - Registered URL rule: /carwash/list
2024-08-04 20:11:22,925 - setup - DEBUG - Registered URL rule: /carwash/select
2024-08-04 20:11:22,926 - setup - DEBUG - Registered URL rule: /service/list
2024-08-04 20:11:22,927 - setup - DEBUG - Registered URL rule: /service/select
2024-08-04 20:11:22,928 - setup - DEBUG - Registered URL rule: /service/list_extra
2024-08-04 20:11:22,928 - setup - DEBUG - Registered URL rule: /service/select_extras
2024-08-04 20:11:22,929 - setup - DEBUG - Registered URL rule: /booking/set_date
2024-08-04 20:11:22,930 - setup - DEBUG - Registered URL rule: /booking/select_slot
2024-08-04 20:11:22,931 - setup - INFO - Application started with configuration: development
2024-08-04 20:11:23,950 - setup - INFO - Logging is set up. Level: DEBUG, Log file: app.log
2024-08-04 20:11:23,959 - setup - DEBUG - Database connection check result: (1,)
2024-08-04 20:11:23,960 - setup - INFO - Database connection initialized successfully.
2024-08-04 20:11:24,076 - setup - DEBUG - Registered URL rule: /static/<path:filename>
2024-08-04 20:11:24,077 - setup - DEBUG - Registered URL rule: /admin/static/<path:filename>
2024-08-04 20:11:24,077 - setup - DEBUG - Registered URL rule: /admin/
2024-08-04 20:11:24,078 - setup - DEBUG - Registered URL rule: /admin/reservationmodel/action/
2024-08-04 20:11:24,079 - setup - DEBUG - Registered URL rule: /admin/reservationmodel/ajax/lookup/
2024-08-04 20:11:24,080 - setup - DEBUG - Registered URL rule: /admin/reservationmodel/ajax/update/
2024-08-04 20:11:24,081 - setup - DEBUG - Registered URL rule: /admin/reservationmodel/new/
2024-08-04 20:11:24,081 - setup - DEBUG - Registered URL rule: /admin/reservationmodel/delete/
2024-08-04 20:11:24,083 - setup - DEBUG - Registered URL rule: /admin/reservationmodel/details/
2024-08-04 20:11:24,084 - setup - DEBUG - Registered URL rule: /admin/reservationmodel/edit/
2024-08-04 20:11:24,084 - setup - DEBUG - Registered URL rule: /admin/reservationmodel/export/<export_type>/
2024-08-04 20:11:24,085 - setup - DEBUG - Registered URL rule: /admin/reservationmodel/
2024-08-04 20:11:24,087 - setup - DEBUG - Registered URL rule: /admin/usermodel/action/
2024-08-04 20:11:24,088 - setup - DEBUG - Registered URL rule: /admin/usermodel/ajax/lookup/
2024-08-04 20:11:24,089 - setup - DEBUG - Registered URL rule: /admin/usermodel/ajax/update/
2024-08-04 20:11:24,090 - setup - DEBUG - Registered URL rule: /admin/usermodel/new/
2024-08-04 20:11:24,091 - setup - DEBUG - Registered URL rule: /admin/usermodel/delete/
2024-08-04 20:11:24,092 - setup - DEBUG - Registered URL rule: /admin/usermodel/details/
2024-08-04 20:11:24,092 - setup - DEBUG - Registered URL rule: /admin/usermodel/edit/
2024-08-04 20:11:24,094 - setup - DEBUG - Registered URL rule: /admin/usermodel/export/<export_type>/
2024-08-04 20:11:24,094 - setup - DEBUG - Registered URL rule: /admin/usermodel/
2024-08-04 20:11:24,095 - setup - DEBUG - Registered URL rule: /admin/slotmodel/action/
2024-08-04 20:11:24,096 - setup - DEBUG - Registered URL rule: /admin/slotmodel/ajax/lookup/
2024-08-04 20:11:24,097 - setup - DEBUG - Registered URL rule: /admin/slotmodel/ajax/update/
2024-08-04 20:11:24,098 - setup - DEBUG - Registered URL rule: /admin/slotmodel/new/
2024-08-04 20:11:24,099 - setup - DEBUG - Registered URL rule: /admin/slotmodel/delete/
2024-08-04 20:11:24,100 - setup - DEBUG - Registered URL rule: /admin/slotmodel/details/
2024-08-04 20:11:24,102 - setup - DEBUG - Registered URL rule: /admin/slotmodel/edit/
2024-08-04 20:11:24,128 - setup - DEBUG - Registered URL rule: /admin/slotmodel/export/<export_type>/
2024-08-04 20:11:24,137 - setup - DEBUG - Registered URL rule: /admin/slotmodel/
2024-08-04 20:11:24,144 - setup - DEBUG - Registered URL rule: /admin/servicemodel/action/
2024-08-04 20:11:24,146 - setup - DEBUG - Registered URL rule: /admin/servicemodel/ajax/lookup/
2024-08-04 20:11:24,147 - setup - DEBUG - Registered URL rule: /admin/servicemodel/ajax/update/
2024-08-04 20:11:24,148 - setup - DEBUG - Registered URL rule: /admin/servicemodel/new/
2024-08-04 20:11:24,149 - setup - DEBUG - Registered URL rule: /admin/servicemodel/delete/
2024-08-04 20:11:24,150 - setup - DEBUG - Registered URL rule: /admin/servicemodel/details/
2024-08-04 20:11:24,152 - setup - DEBUG - Registered URL rule: /admin/servicemodel/edit/
2024-08-04 20:11:24,153 - setup - DEBUG - Registered URL rule: /admin/servicemodel/export/<export_type>/
2024-08-04 20:11:24,154 - setup - DEBUG - Registered URL rule: /admin/servicemodel/
2024-08-04 20:11:24,154 - setup - DEBUG - Registered URL rule: /admin/companymodel/action/
2024-08-04 20:11:24,155 - setup - DEBUG - Registered URL rule: /admin/companymodel/ajax/lookup/
2024-08-04 20:11:24,156 - setup - DEBUG - Registered URL rule: /admin/companymodel/ajax/update/
2024-08-04 20:11:24,158 - setup - DEBUG - Registered URL rule: /admin/companymodel/new/
2024-08-04 20:11:24,163 - setup - DEBUG - Registered URL rule: /admin/companymodel/delete/
2024-08-04 20:11:24,192 - setup - DEBUG - Registered URL rule: /admin/companymodel/details/
2024-08-04 20:11:24,193 - setup - DEBUG - Registered URL rule: /admin/companymodel/edit/
2024-08-04 20:11:24,193 - setup - DEBUG - Registered URL rule: /admin/companymodel/export/<export_type>/
2024-08-04 20:11:24,195 - setup - DEBUG - Registered URL rule: /admin/companymodel/
2024-08-04 20:11:24,196 - setup - DEBUG - Registered URL rule: /admin/carwashmodel/action/
2024-08-04 20:11:24,197 - setup - DEBUG - Registered URL rule: /admin/carwashmodel/ajax/lookup/
2024-08-04 20:11:24,209 - setup - DEBUG - Registered URL rule: /admin/carwashmodel/ajax/update/
2024-08-04 20:11:24,213 - setup - DEBUG - Registered URL rule: /admin/carwashmodel/new/
2024-08-04 20:11:24,214 - setup - DEBUG - Registered URL rule: /admin/carwashmodel/delete/
2024-08-04 20:11:24,215 - setup - DEBUG - Registered URL rule: /admin/carwashmodel/details/
2024-08-04 20:11:24,216 - setup - DEBUG - Registered URL rule: /admin/carwashmodel/edit/
2024-08-04 20:11:24,218 - setup - DEBUG - Registered URL rule: /admin/carwashmodel/export/<export_type>/
2024-08-04 20:11:24,219 - setup - DEBUG - Registered URL rule: /admin/carwashmodel/
2024-08-04 20:11:24,220 - setup - DEBUG - Registered URL rule: /admin/extramodel/action/
2024-08-04 20:11:24,221 - setup - DEBUG - Registered URL rule: /admin/extramodel/ajax/lookup/
2024-08-04 20:11:24,223 - setup - DEBUG - Registered URL rule: /admin/extramodel/ajax/update/
2024-08-04 20:11:24,225 - setup - DEBUG - Registered URL rule: /admin/extramodel/new/
2024-08-04 20:11:24,226 - setup - DEBUG - Registered URL rule: /admin/extramodel/delete/
2024-08-04 20:11:24,229 - setup - DEBUG - Registered URL rule: /admin/extramodel/details/
2024-08-04 20:11:24,230 - setup - DEBUG - Registered URL rule: /admin/extramodel/edit/
2024-08-04 20:11:24,231 - setup - DEBUG - Registered URL rule: /admin/extramodel/export/<export_type>/
2024-08-04 20:11:24,238 - setup - DEBUG - Registered URL rule: /admin/extramodel/
2024-08-04 20:11:24,252 - setup - DEBUG - Registered URL rule: /admin/customermodel/action/
2024-08-04 20:11:24,253 - setup - DEBUG - Registered URL rule: /admin/customermodel/ajax/lookup/
2024-08-04 20:11:24,254 - setup - DEBUG - Registered URL rule: /admin/customermodel/ajax/update/
2024-08-04 20:11:24,255 - setup - DEBUG - Registered URL rule: /admin/customermodel/new/
2024-08-04 20:11:24,256 - setup - DEBUG - Registered URL rule: /admin/customermodel/delete/
2024-08-04 20:11:24,257 - setup - DEBUG - Registered URL rule: /admin/customermodel/details/
2024-08-04 20:11:24,258 - setup - DEBUG - Registered URL rule: /admin/customermodel/edit/
2024-08-04 20:11:24,259 - setup - DEBUG - Registered URL rule: /admin/customermodel/export/<export_type>/
2024-08-04 20:11:24,260 - setup - DEBUG - Registered URL rule: /admin/customermodel/
2024-08-04 20:11:24,261 - setup - DEBUG - Registered URL rule: /admin/billingmodel/action/
2024-08-04 20:11:24,262 - setup - DEBUG - Registered URL rule: /admin/billingmodel/ajax/lookup/
2024-08-04 20:11:24,263 - setup - DEBUG - Registered URL rule: /admin/billingmodel/ajax/update/
2024-08-04 20:11:24,265 - setup - DEBUG - Registered URL rule: /admin/billingmodel/new/
2024-08-04 20:11:24,266 - setup - DEBUG - Registered URL rule: /admin/billingmodel/delete/
2024-08-04 20:11:24,267 - setup - DEBUG - Registered URL rule: /admin/billingmodel/details/
2024-08-04 20:11:24,268 - setup - DEBUG - Registered URL rule: /admin/billingmodel/edit/
2024-08-04 20:11:24,269 - setup - DEBUG - Registered URL rule: /admin/billingmodel/export/<export_type>/
2024-08-04 20:11:24,270 - setup - DEBUG - Registered URL rule: /admin/billingmodel/
2024-08-04 20:11:24,270 - setup - DEBUG - Registered URL rule: /admin/carmodel/action/
2024-08-04 20:11:24,271 - setup - DEBUG - Registered URL rule: /admin/carmodel/ajax/lookup/
2024-08-04 20:11:24,272 - setup - DEBUG - Registered URL rule: /admin/carmodel/ajax/update/
2024-08-04 20:11:24,273 - setup - DEBUG - Registered URL rule: /admin/carmodel/new/
2024-08-04 20:11:24,274 - setup - DEBUG - Registered URL rule: /admin/carmodel/delete/
2024-08-04 20:11:24,275 - setup - DEBUG - Registered URL rule: /admin/carmodel/details/
2024-08-04 20:11:24,275 - setup - DEBUG - Registered URL rule: /admin/carmodel/edit/
2024-08-04 20:11:24,276 - setup - DEBUG - Registered URL rule: /admin/carmodel/export/<export_type>/
2024-08-04 20:11:24,278 - setup - DEBUG - Registered URL rule: /admin/carmodel/
2024-08-04 20:11:24,279 - setup - DEBUG - Registered URL rule: /admin/monthly_invoices/
2024-08-04 20:11:24,280 - setup - DEBUG - Registered URL rule: /billing/get_billing_data
2024-08-04 20:11:24,281 - setup - DEBUG - Registered URL rule: /billing/add_billing
2024-08-04 20:11:24,282 - setup - DEBUG - Registered URL rule: /reservation/
2024-08-04 20:11:24,283 - setup - DEBUG - Registered URL rule: /reservation/popup
2024-08-04 20:11:24,284 - setup - DEBUG - Registered URL rule: /reservation/add
2024-08-04 20:11:24,285 - setup - DEBUG - Registered URL rule: /user/
2024-08-04 20:11:24,285 - setup - DEBUG - Registered URL rule: /user/login
2024-08-04 20:11:24,286 - setup - DEBUG - Registered URL rule: /user/logout
2024-08-04 20:11:24,287 - setup - DEBUG - Registered URL rule: /user/add_user
2024-08-04 20:11:24,288 - setup - DEBUG - Registered URL rule: /user/test
2024-08-04 20:11:24,289 - setup - DEBUG - Registered URL rule: /carwash/list
2024-08-04 20:11:24,290 - setup - DEBUG - Registered URL rule: /carwash/select
2024-08-04 20:11:24,291 - setup - DEBUG - Registered URL rule: /service/list
2024-08-04 20:11:24,292 - setup - DEBUG - Registered URL rule: /service/select
2024-08-04 20:11:24,293 - setup - DEBUG - Registered URL rule: /service/list_extra
2024-08-04 20:11:24,294 - setup - DEBUG - Registered URL rule: /service/select_extras
2024-08-04 20:11:24,295 - setup - DEBUG - Registered URL rule: /booking/set_date
2024-08-04 20:11:24,295 - setup - DEBUG - Registered URL rule: /booking/select_slot
2024-08-04 20:11:24,296 - setup - INFO - Application started with configuration: development
2024-08-04 20:11:58,569 - setup - INFO - Retrieved carwashes successfully.
2024-08-04 20:12:04,537 - setup - INFO - Carwash with ID 1 selected successfully.
2024-08-04 20:12:14,968 - setup - INFO - No available slots found for the reservation date.
2024-08-04 20:12:21,652 - setup - INFO - No available slots found for the reservation date.
2024-08-04 20:12:26,891 - setup - INFO - Earliest available slot found: 2024-08-09 17:00:00
2024-08-04 20:12:30,403 - setup - INFO - No available slots found for the reservation date.
2024-08-04 20:12:34,280 - setup - INFO - Earliest available slot found: 2024-08-11 16:00:00
2024-08-04 20:12:36,022 - setup - INFO - No available slots found for the reservation date.
2024-08-04 20:12:45,638 - setup - INFO - Earliest available slot found: 2024-08-15 09:00:00
2024-08-04 20:12:50,175 - setup - INFO - Earliest available slot found: 2024-08-10 09:00:00
2024-08-04 20:12:52,216 - setup - INFO - Earliest available slot found: 2024-08-09 17:00:00
2024-08-04 20:12:58,059 - setup - INFO - Earliest available slot found: 2024-08-08 12:00:00
2024-08-04 20:13:01,134 - setup - INFO - Earliest available slot found: 2024-08-07 10:00:00
2024-08-04 20:13:25,612 - setup - INFO - Carwash with ID 2 selected successfully.
2024-08-04 20:13:28,959 - setup - INFO - Carwash with ID 1 selected successfully.
2024-08-04 20:13:31,818 - setup - INFO - Carwash with ID 2 selected successfully.
2024-08-04 20:13:34,861 - setup - INFO - Carwash with ID 1 selected successfully.
2024-08-04 20:13:37,234 - setup - INFO - Carwash with ID 2 selected successfully.
2024-08-04 20:13:38,546 - setup - INFO - Carwash with ID 2 selected successfully.
2024-08-04 20:13:39,000 - setup - INFO - Carwash with ID 2 selected successfully.
2024-08-04 20:13:39,787 - setup - INFO - Carwash with ID 2 selected successfully.
2024-08-04 20:13:41,214 - setup - INFO - Carwash with ID 1 selected successfully.
2024-08-04 20:13:41,398 - setup - INFO - Carwash with ID 1 selected successfully.
2024-08-04 20:13:41,566 - setup - INFO - Carwash with ID 1 selected successfully.
2024-08-04 20:16:51,590 - setup - INFO - Logging is set up. Level: DEBUG, Log file: app.log
2024-08-04 20:16:51,602 - setup - DEBUG - Database connection check result: (1,)
2024-08-04 20:16:51,603 - setup - INFO - Database connection initialized successfully.
2024-08-04 20:16:51,712 - setup - DEBUG - Registered URL rule: /static/<path:filename>
2024-08-04 20:16:51,713 - setup - DEBUG - Registered URL rule: /admin/static/<path:filename>
2024-08-04 20:16:51,714 - setup - DEBUG - Registered URL rule: /admin/
2024-08-04 20:16:51,715 - setup - DEBUG - Registered URL rule: /admin/reservationmodel/action/
2024-08-04 20:16:51,716 - setup - DEBUG - Registered URL rule: /admin/reservationmodel/ajax/lookup/
2024-08-04 20:16:51,717 - setup - DEBUG - Registered URL rule: /admin/reservationmodel/ajax/update/
2024-08-04 20:16:51,718 - setup - DEBUG - Registered URL rule: /admin/reservationmodel/new/
2024-08-04 20:16:51,719 - setup - DEBUG - Registered URL rule: /admin/reservationmodel/delete/
2024-08-04 20:16:51,720 - setup - DEBUG - Registered URL rule: /admin/reservationmodel/details/
2024-08-04 20:16:51,721 - setup - DEBUG - Registered URL rule: /admin/reservationmodel/edit/
2024-08-04 20:16:51,722 - setup - DEBUG - Registered URL rule: /admin/reservationmodel/export/<export_type>/
2024-08-04 20:16:51,723 - setup - DEBUG - Registered URL rule: /admin/reservationmodel/
2024-08-04 20:16:51,725 - setup - DEBUG - Registered URL rule: /admin/usermodel/action/
2024-08-04 20:16:51,726 - setup - DEBUG - Registered URL rule: /admin/usermodel/ajax/lookup/
2024-08-04 20:16:51,727 - setup - DEBUG - Registered URL rule: /admin/usermodel/ajax/update/
2024-08-04 20:16:51,728 - setup - DEBUG - Registered URL rule: /admin/usermodel/new/
2024-08-04 20:16:51,729 - setup - DEBUG - Registered URL rule: /admin/usermodel/delete/
2024-08-04 20:16:51,730 - setup - DEBUG - Registered URL rule: /admin/usermodel/details/
2024-08-04 20:16:51,731 - setup - DEBUG - Registered URL rule: /admin/usermodel/edit/
2024-08-04 20:16:51,733 - setup - DEBUG - Registered URL rule: /admin/usermodel/export/<export_type>/
2024-08-04 20:16:51,734 - setup - DEBUG - Registered URL rule: /admin/usermodel/
2024-08-04 20:16:51,735 - setup - DEBUG - Registered URL rule: /admin/slotmodel/action/
2024-08-04 20:16:51,736 - setup - DEBUG - Registered URL rule: /admin/slotmodel/ajax/lookup/
2024-08-04 20:16:51,737 - setup - DEBUG - Registered URL rule: /admin/slotmodel/ajax/update/
2024-08-04 20:16:51,739 - setup - DEBUG - Registered URL rule: /admin/slotmodel/new/
2024-08-04 20:16:51,740 - setup - DEBUG - Registered URL rule: /admin/slotmodel/delete/
2024-08-04 20:16:51,741 - setup - DEBUG - Registered URL rule: /admin/slotmodel/details/
2024-08-04 20:16:51,742 - setup - DEBUG - Registered URL rule: /admin/slotmodel/edit/
2024-08-04 20:16:51,744 - setup - DEBUG - Registered URL rule: /admin/slotmodel/export/<export_type>/
2024-08-04 20:16:51,745 - setup - DEBUG - Registered URL rule: /admin/slotmodel/
2024-08-04 20:16:51,746 - setup - DEBUG - Registered URL rule: /admin/servicemodel/action/
2024-08-04 20:16:51,747 - setup - DEBUG - Registered URL rule: /admin/servicemodel/ajax/lookup/
2024-08-04 20:16:51,748 - setup - DEBUG - Registered URL rule: /admin/servicemodel/ajax/update/
2024-08-04 20:16:51,749 - setup - DEBUG - Registered URL rule: /admin/servicemodel/new/
2024-08-04 20:16:51,750 - setup - DEBUG - Registered URL rule: /admin/servicemodel/delete/
2024-08-04 20:16:51,751 - setup - DEBUG - Registered URL rule: /admin/servicemodel/details/
2024-08-04 20:16:51,752 - setup - DEBUG - Registered URL rule: /admin/servicemodel/edit/
2024-08-04 20:16:51,753 - setup - DEBUG - Registered URL rule: /admin/servicemodel/export/<export_type>/
2024-08-04 20:16:51,754 - setup - DEBUG - Registered URL rule: /admin/servicemodel/
2024-08-04 20:16:51,755 - setup - DEBUG - Registered URL rule: /admin/companymodel/action/
2024-08-04 20:16:51,756 - setup - DEBUG - Registered URL rule: /admin/companymodel/ajax/lookup/
2024-08-04 20:16:51,757 - setup - DEBUG - Registered URL rule: /admin/companymodel/ajax/update/
2024-08-04 20:16:51,758 - setup - DEBUG - Registered URL rule: /admin/companymodel/new/
2024-08-04 20:16:51,760 - setup - DEBUG - Registered URL rule: /admin/companymodel/delete/
2024-08-04 20:16:51,761 - setup - DEBUG - Registered URL rule: /admin/companymodel/details/
2024-08-04 20:16:51,762 - setup - DEBUG - Registered URL rule: /admin/companymodel/edit/
2024-08-04 20:16:51,763 - setup - DEBUG - Registered URL rule: /admin/companymodel/export/<export_type>/
2024-08-04 20:16:51,764 - setup - DEBUG - Registered URL rule: /admin/companymodel/
2024-08-04 20:16:51,765 - setup - DEBUG - Registered URL rule: /admin/carwashmodel/action/
2024-08-04 20:16:51,766 - setup - DEBUG - Registered URL rule: /admin/carwashmodel/ajax/lookup/
2024-08-04 20:16:51,767 - setup - DEBUG - Registered URL rule: /admin/carwashmodel/ajax/update/
2024-08-04 20:16:51,768 - setup - DEBUG - Registered URL rule: /admin/carwashmodel/new/
2024-08-04 20:16:51,769 - setup - DEBUG - Registered URL rule: /admin/carwashmodel/delete/
2024-08-04 20:16:51,769 - setup - DEBUG - Registered URL rule: /admin/carwashmodel/details/
2024-08-04 20:16:51,770 - setup - DEBUG - Registered URL rule: /admin/carwashmodel/edit/
2024-08-04 20:16:51,771 - setup - DEBUG - Registered URL rule: /admin/carwashmodel/export/<export_type>/
2024-08-04 20:16:51,772 - setup - DEBUG - Registered URL rule: /admin/carwashmodel/
2024-08-04 20:16:51,774 - setup - DEBUG - Registered URL rule: /admin/extramodel/action/
2024-08-04 20:16:51,775 - setup - DEBUG - Registered URL rule: /admin/extramodel/ajax/lookup/
2024-08-04 20:16:51,776 - setup - DEBUG - Registered URL rule: /admin/extramodel/ajax/update/
2024-08-04 20:16:51,777 - setup - DEBUG - Registered URL rule: /admin/extramodel/new/
2024-08-04 20:16:51,778 - setup - DEBUG - Registered URL rule: /admin/extramodel/delete/
2024-08-04 20:16:51,779 - setup - DEBUG - Registered URL rule: /admin/extramodel/details/
2024-08-04 20:16:51,780 - setup - DEBUG - Registered URL rule: /admin/extramodel/edit/
2024-08-04 20:16:51,781 - setup - DEBUG - Registered URL rule: /admin/extramodel/export/<export_type>/
2024-08-04 20:16:51,782 - setup - DEBUG - Registered URL rule: /admin/extramodel/
2024-08-04 20:16:51,782 - setup - DEBUG - Registered URL rule: /admin/customermodel/action/
2024-08-04 20:16:51,783 - setup - DEBUG - Registered URL rule: /admin/customermodel/ajax/lookup/
2024-08-04 20:16:51,784 - setup - DEBUG - Registered URL rule: /admin/customermodel/ajax/update/
2024-08-04 20:16:51,785 - setup - DEBUG - Registered URL rule: /admin/customermodel/new/
2024-08-04 20:16:51,786 - setup - DEBUG - Registered URL rule: /admin/customermodel/delete/
2024-08-04 20:16:51,786 - setup - DEBUG - Registered URL rule: /admin/customermodel/details/
2024-08-04 20:16:51,787 - setup - DEBUG - Registered URL rule: /admin/customermodel/edit/
2024-08-04 20:16:51,788 - setup - DEBUG - Registered URL rule: /admin/customermodel/export/<export_type>/
2024-08-04 20:16:51,788 - setup - DEBUG - Registered URL rule: /admin/customermodel/
2024-08-04 20:16:51,790 - setup - DEBUG - Registered URL rule: /admin/billingmodel/action/
2024-08-04 20:16:51,790 - setup - DEBUG - Registered URL rule: /admin/billingmodel/ajax/lookup/
2024-08-04 20:16:51,791 - setup - DEBUG - Registered URL rule: /admin/billingmodel/ajax/update/
2024-08-04 20:16:51,792 - setup - DEBUG - Registered URL rule: /admin/billingmodel/new/
2024-08-04 20:16:51,793 - setup - DEBUG - Registered URL rule: /admin/billingmodel/delete/
2024-08-04 20:16:51,794 - setup - DEBUG - Registered URL rule: /admin/billingmodel/details/
2024-08-04 20:16:51,795 - setup - DEBUG - Registered URL rule: /admin/billingmodel/edit/
2024-08-04 20:16:51,795 - setup - DEBUG - Registered URL rule: /admin/billingmodel/export/<export_type>/
2024-08-04 20:16:51,796 - setup - DEBUG - Registered URL rule: /admin/billingmodel/
2024-08-04 20:16:51,797 - setup - DEBUG - Registered URL rule: /admin/carmodel/action/
2024-08-04 20:16:51,798 - setup - DEBUG - Registered URL rule: /admin/carmodel/ajax/lookup/
2024-08-04 20:16:51,799 - setup - DEBUG - Registered URL rule: /admin/carmodel/ajax/update/
2024-08-04 20:16:51,800 - setup - DEBUG - Registered URL rule: /admin/carmodel/new/
2024-08-04 20:16:51,801 - setup - DEBUG - Registered URL rule: /admin/carmodel/delete/
2024-08-04 20:16:51,802 - setup - DEBUG - Registered URL rule: /admin/carmodel/details/
2024-08-04 20:16:51,803 - setup - DEBUG - Registered URL rule: /admin/carmodel/edit/
2024-08-04 20:16:51,804 - setup - DEBUG - Registered URL rule: /admin/carmodel/export/<export_type>/
2024-08-04 20:16:51,805 - setup - DEBUG - Registered URL rule: /admin/carmodel/
2024-08-04 20:16:51,805 - setup - DEBUG - Registered URL rule: /admin/monthly_invoices/
2024-08-04 20:16:51,806 - setup - DEBUG - Registered URL rule: /billing/get_billing_data
2024-08-04 20:16:51,807 - setup - DEBUG - Registered URL rule: /billing/add_billing
2024-08-04 20:16:51,808 - setup - DEBUG - Registered URL rule: /reservation/
2024-08-04 20:16:51,809 - setup - DEBUG - Registered URL rule: /reservation/popup
2024-08-04 20:16:51,810 - setup - DEBUG - Registered URL rule: /reservation/add
2024-08-04 20:16:51,810 - setup - DEBUG - Registered URL rule: /user/
2024-08-04 20:16:51,812 - setup - DEBUG - Registered URL rule: /user/login
2024-08-04 20:16:51,813 - setup - DEBUG - Registered URL rule: /user/logout
2024-08-04 20:16:51,813 - setup - DEBUG - Registered URL rule: /user/add_user
2024-08-04 20:16:51,815 - setup - DEBUG - Registered URL rule: /carwash/list
2024-08-04 20:16:51,816 - setup - DEBUG - Registered URL rule: /carwash/select
2024-08-04 20:16:51,816 - setup - DEBUG - Registered URL rule: /service/list
2024-08-04 20:16:51,817 - setup - DEBUG - Registered URL rule: /service/select
2024-08-04 20:16:51,818 - setup - DEBUG - Registered URL rule: /service/list_extra
2024-08-04 20:16:51,819 - setup - DEBUG - Registered URL rule: /service/select_extras
2024-08-04 20:16:51,820 - setup - DEBUG - Registered URL rule: /booking/set_date
2024-08-04 20:16:51,821 - setup - DEBUG - Registered URL rule: /booking/select_slot
2024-08-04 20:16:51,821 - setup - INFO - Application started with configuration: development
2024-08-04 20:17:54,599 - setup - INFO - Logging is set up. Level: DEBUG, Log file: app.log
2024-08-04 20:17:54,605 - setup - DEBUG - Database connection check result: (1,)
2024-08-04 20:17:54,607 - setup - INFO - Database connection initialized successfully.
2024-08-04 20:17:54,685 - setup - DEBUG - Registered URL rule: /static/<path:filename>
2024-08-04 20:17:54,686 - setup - DEBUG - Registered URL rule: /admin/static/<path:filename>
2024-08-04 20:17:54,687 - setup - DEBUG - Registered URL rule: /admin/
2024-08-04 20:17:54,688 - setup - DEBUG - Registered URL rule: /admin/reservationmodel/action/
2024-08-04 20:17:54,689 - setup - DEBUG - Registered URL rule: /admin/reservationmodel/ajax/lookup/
2024-08-04 20:17:54,690 - setup - DEBUG - Registered URL rule: /admin/reservationmodel/ajax/update/
2024-08-04 20:17:54,691 - setup - DEBUG - Registered URL rule: /admin/reservationmodel/new/
2024-08-04 20:17:54,692 - setup - DEBUG - Registered URL rule: /admin/reservationmodel/delete/
2024-08-04 20:17:54,693 - setup - DEBUG - Registered URL rule: /admin/reservationmodel/details/
2024-08-04 20:17:54,694 - setup - DEBUG - Registered URL rule: /admin/reservationmodel/edit/
2024-08-04 20:17:54,695 - setup - DEBUG - Registered URL rule: /admin/reservationmodel/export/<export_type>/
2024-08-04 20:17:54,696 - setup - DEBUG - Registered URL rule: /admin/reservationmodel/
2024-08-04 20:17:54,697 - setup - DEBUG - Registered URL rule: /admin/usermodel/action/
2024-08-04 20:17:54,698 - setup - DEBUG - Registered URL rule: /admin/usermodel/ajax/lookup/
2024-08-04 20:17:54,699 - setup - DEBUG - Registered URL rule: /admin/usermodel/ajax/update/
2024-08-04 20:17:54,700 - setup - DEBUG - Registered URL rule: /admin/usermodel/new/
2024-08-04 20:17:54,701 - setup - DEBUG - Registered URL rule: /admin/usermodel/delete/
2024-08-04 20:17:54,702 - setup - DEBUG - Registered URL rule: /admin/usermodel/details/
2024-08-04 20:17:54,702 - setup - DEBUG - Registered URL rule: /admin/usermodel/edit/
2024-08-04 20:17:54,703 - setup - DEBUG - Registered URL rule: /admin/usermodel/export/<export_type>/
2024-08-04 20:17:54,704 - setup - DEBUG - Registered URL rule: /admin/usermodel/
2024-08-04 20:17:54,705 - setup - DEBUG - Registered URL rule: /admin/slotmodel/action/
2024-08-04 20:17:54,706 - setup - DEBUG - Registered URL rule: /admin/slotmodel/ajax/lookup/
2024-08-04 20:17:54,707 - setup - DEBUG - Registered URL rule: /admin/slotmodel/ajax/update/
2024-08-04 20:17:54,708 - setup - DEBUG - Registered URL rule: /admin/slotmodel/new/
2024-08-04 20:17:54,709 - setup - DEBUG - Registered URL rule: /admin/slotmodel/delete/
2024-08-04 20:17:54,710 - setup - DEBUG - Registered URL rule: /admin/slotmodel/details/
2024-08-04 20:17:54,711 - setup - DEBUG - Registered URL rule: /admin/slotmodel/edit/
2024-08-04 20:17:54,712 - setup - DEBUG - Registered URL rule: /admin/slotmodel/export/<export_type>/
2024-08-04 20:17:54,713 - setup - DEBUG - Registered URL rule: /admin/slotmodel/
2024-08-04 20:17:54,714 - setup - DEBUG - Registered URL rule: /admin/servicemodel/action/
2024-08-04 20:17:54,715 - setup - DEBUG - Registered URL rule: /admin/servicemodel/ajax/lookup/
2024-08-04 20:17:54,716 - setup - DEBUG - Registered URL rule: /admin/servicemodel/ajax/update/
2024-08-04 20:17:54,717 - setup - DEBUG - Registered URL rule: /admin/servicemodel/new/
2024-08-04 20:17:54,718 - setup - DEBUG - Registered URL rule: /admin/servicemodel/delete/
2024-08-04 20:17:54,719 - setup - DEBUG - Registered URL rule: /admin/servicemodel/details/
2024-08-04 20:17:54,720 - setup - DEBUG - Registered URL rule: /admin/servicemodel/edit/
2024-08-04 20:17:54,721 - setup - DEBUG - Registered URL rule: /admin/servicemodel/export/<export_type>/
2024-08-04 20:17:54,722 - setup - DEBUG - Registered URL rule: /admin/servicemodel/
2024-08-04 20:17:54,724 - setup - DEBUG - Registered URL rule: /admin/companymodel/action/
2024-08-04 20:17:54,725 - setup - DEBUG - Registered URL rule: /admin/companymodel/ajax/lookup/
2024-08-04 20:17:54,726 - setup - DEBUG - Registered URL rule: /admin/companymodel/ajax/update/
2024-08-04 20:17:54,726 - setup - DEBUG - Registered URL rule: /admin/companymodel/new/
2024-08-04 20:17:54,727 - setup - DEBUG - Registered URL rule: /admin/companymodel/delete/
2024-08-04 20:17:54,728 - setup - DEBUG - Registered URL rule: /admin/companymodel/details/
2024-08-04 20:17:54,729 - setup - DEBUG - Registered URL rule: /admin/companymodel/edit/
2024-08-04 20:17:54,730 - setup - DEBUG - Registered URL rule: /admin/companymodel/export/<export_type>/
2024-08-04 20:17:54,731 - setup - DEBUG - Registered URL rule: /admin/companymodel/
2024-08-04 20:17:54,733 - setup - DEBUG - Registered URL rule: /admin/carwashmodel/action/
2024-08-04 20:17:54,734 - setup - DEBUG - Registered URL rule: /admin/carwashmodel/ajax/lookup/
2024-08-04 20:17:54,735 - setup - DEBUG - Registered URL rule: /admin/carwashmodel/ajax/update/
2024-08-04 20:17:54,736 - setup - DEBUG - Registered URL rule: /admin/carwashmodel/new/
2024-08-04 20:17:54,737 - setup - DEBUG - Registered URL rule: /admin/carwashmodel/delete/
2024-08-04 20:17:54,738 - setup - DEBUG - Registered URL rule: /admin/carwashmodel/details/
2024-08-04 20:17:54,739 - setup - DEBUG - Registered URL rule: /admin/carwashmodel/edit/
2024-08-04 20:17:54,740 - setup - DEBUG - Registered URL rule: /admin/carwashmodel/export/<export_type>/
2024-08-04 20:17:54,741 - setup - DEBUG - Registered URL rule: /admin/carwashmodel/
2024-08-04 20:17:54,742 - setup - DEBUG - Registered URL rule: /admin/extramodel/action/
2024-08-04 20:17:54,743 - setup - DEBUG - Registered URL rule: /admin/extramodel/ajax/lookup/
2024-08-04 20:17:54,744 - setup - DEBUG - Registered URL rule: /admin/extramodel/ajax/update/
2024-08-04 20:17:54,745 - setup - DEBUG - Registered URL rule: /admin/extramodel/new/
2024-08-04 20:17:54,746 - setup - DEBUG - Registered URL rule: /admin/extramodel/delete/
2024-08-04 20:17:54,747 - setup - DEBUG - Registered URL rule: /admin/extramodel/details/
2024-08-04 20:17:54,748 - setup - DEBUG - Registered URL rule: /admin/extramodel/edit/
2024-08-04 20:17:54,749 - setup - DEBUG - Registered URL rule: /admin/extramodel/export/<export_type>/
2024-08-04 20:17:54,750 - setup - DEBUG - Registered URL rule: /admin/extramodel/
2024-08-04 20:17:54,751 - setup - DEBUG - Registered URL rule: /admin/customermodel/action/
2024-08-04 20:17:54,753 - setup - DEBUG - Registered URL rule: /admin/customermodel/ajax/lookup/
2024-08-04 20:17:54,754 - setup - DEBUG - Registered URL rule: /admin/customermodel/ajax/update/
2024-08-04 20:17:54,755 - setup - DEBUG - Registered URL rule: /admin/customermodel/new/
2024-08-04 20:17:54,755 - setup - DEBUG - Registered URL rule: /admin/customermodel/delete/
2024-08-04 20:17:54,756 - setup - DEBUG - Registered URL rule: /admin/customermodel/details/
2024-08-04 20:17:54,757 - setup - DEBUG - Registered URL rule: /admin/customermodel/edit/
2024-08-04 20:17:54,758 - setup - DEBUG - Registered URL rule: /admin/customermodel/export/<export_type>/
2024-08-04 20:17:54,759 - setup - DEBUG - Registered URL rule: /admin/customermodel/
2024-08-04 20:17:54,759 - setup - DEBUG - Registered URL rule: /admin/billingmodel/action/
2024-08-04 20:17:54,760 - setup - DEBUG - Registered URL rule: /admin/billingmodel/ajax/lookup/
2024-08-04 20:17:54,761 - setup - DEBUG - Registered URL rule: /admin/billingmodel/ajax/update/
2024-08-04 20:17:54,762 - setup - DEBUG - Registered URL rule: /admin/billingmodel/new/
2024-08-04 20:17:54,763 - setup - DEBUG - Registered URL rule: /admin/billingmodel/delete/
2024-08-04 20:17:54,764 - setup - DEBUG - Registered URL rule: /admin/billingmodel/details/
2024-08-04 20:17:54,765 - setup - DEBUG - Registered URL rule: /admin/billingmodel/edit/
2024-08-04 20:17:54,766 - setup - DEBUG - Registered URL rule: /admin/billingmodel/export/<export_type>/
2024-08-04 20:17:54,767 - setup - DEBUG - Registered URL rule: /admin/billingmodel/
2024-08-04 20:17:54,768 - setup - DEBUG - Registered URL rule: /admin/carmodel/action/
2024-08-04 20:17:54,769 - setup - DEBUG - Registered URL rule: /admin/carmodel/ajax/lookup/
2024-08-04 20:17:54,770 - setup - DEBUG - Registered URL rule: /admin/carmodel/ajax/update/
2024-08-04 20:17:54,770 - setup - DEBUG - Registered URL rule: /admin/carmodel/new/
2024-08-04 20:17:54,771 - setup - DEBUG - Registered URL rule: /admin/carmodel/delete/
2024-08-04 20:17:54,772 - setup - DEBUG - Registered URL rule: /admin/carmodel/details/
2024-08-04 20:17:54,773 - setup - DEBUG - Registered URL rule: /admin/carmodel/edit/
2024-08-04 20:17:54,774 - setup - DEBUG - Registered URL rule: /admin/carmodel/export/<export_type>/
2024-08-04 20:17:54,774 - setup - DEBUG - Registered URL rule: /admin/carmodel/
2024-08-04 20:17:54,775 - setup - DEBUG - Registered URL rule: /admin/monthly_invoices/
2024-08-04 20:17:54,776 - setup - DEBUG - Registered URL rule: /billing/get_billing_data
2024-08-04 20:17:54,777 - setup - DEBUG - Registered URL rule: /billing/add_billing
2024-08-04 20:17:54,778 - setup - DEBUG - Registered URL rule: /reservation/
2024-08-04 20:17:54,779 - setup - DEBUG - Registered URL rule: /reservation/popup
2024-08-04 20:17:54,780 - setup - DEBUG - Registered URL rule: /reservation/add
2024-08-04 20:17:54,780 - setup - DEBUG - Registered URL rule: /user/
2024-08-04 20:17:54,781 - setup - DEBUG - Registered URL rule: /user/login
2024-08-04 20:17:54,782 - setup - DEBUG - Registered URL rule: /user/logout
2024-08-04 20:17:54,783 - setup - DEBUG - Registered URL rule: /user/add_user
2024-08-04 20:17:54,784 - setup - DEBUG - Registered URL rule: /carwash/list
2024-08-04 20:17:54,785 - setup - DEBUG - Registered URL rule: /carwash/select
2024-08-04 20:17:54,785 - setup - DEBUG - Registered URL rule: /service/list
2024-08-04 20:17:54,786 - setup - DEBUG - Registered URL rule: /service/select
2024-08-04 20:17:54,787 - setup - DEBUG - Registered URL rule: /service/list_extra
2024-08-04 20:17:54,788 - setup - DEBUG - Registered URL rule: /service/select_extras
2024-08-04 20:17:54,789 - setup - DEBUG - Registered URL rule: /booking/set_date
2024-08-04 20:17:54,790 - setup - DEBUG - Registered URL rule: /booking/select_slot
2024-08-04 20:17:54,791 - setup - INFO - Application started with configuration: development
2024-08-04 20:18:17,550 - setup - INFO - Logging is set up. Level: DEBUG, Log file: app.log
2024-08-04 20:18:17,556 - setup - DEBUG - Database connection check result: (1,)
2024-08-04 20:18:17,557 - setup - INFO - Database connection initialized successfully.
2024-08-04 20:18:17,640 - setup - DEBUG - Registered URL rule: /static/<path:filename>
2024-08-04 20:18:17,641 - setup - DEBUG - Registered URL rule: /admin/static/<path:filename>
2024-08-04 20:18:17,642 - setup - DEBUG - Registered URL rule: /admin/
2024-08-04 20:18:17,643 - setup - DEBUG - Registered URL rule: /admin/reservationmodel/action/
2024-08-04 20:18:17,645 - setup - DEBUG - Registered URL rule: /admin/reservationmodel/ajax/lookup/
2024-08-04 20:18:17,646 - setup - DEBUG - Registered URL rule: /admin/reservationmodel/ajax/update/
2024-08-04 20:18:17,647 - setup - DEBUG - Registered URL rule: /admin/reservationmodel/new/
2024-08-04 20:18:17,648 - setup - DEBUG - Registered URL rule: /admin/reservationmodel/delete/
2024-08-04 20:18:17,649 - setup - DEBUG - Registered URL rule: /admin/reservationmodel/details/
2024-08-04 20:18:17,650 - setup - DEBUG - Registered URL rule: /admin/reservationmodel/edit/
2024-08-04 20:18:17,651 - setup - DEBUG - Registered URL rule: /admin/reservationmodel/export/<export_type>/
2024-08-04 20:18:17,652 - setup - DEBUG - Registered URL rule: /admin/reservationmodel/
2024-08-04 20:18:17,653 - setup - DEBUG - Registered URL rule: /admin/usermodel/action/
2024-08-04 20:18:17,654 - setup - DEBUG - Registered URL rule: /admin/usermodel/ajax/lookup/
2024-08-04 20:18:17,655 - setup - DEBUG - Registered URL rule: /admin/usermodel/ajax/update/
2024-08-04 20:18:17,656 - setup - DEBUG - Registered URL rule: /admin/usermodel/new/
2024-08-04 20:18:17,657 - setup - DEBUG - Registered URL rule: /admin/usermodel/delete/
2024-08-04 20:18:17,658 - setup - DEBUG - Registered URL rule: /admin/usermodel/details/
2024-08-04 20:18:17,659 - setup - DEBUG - Registered URL rule: /admin/usermodel/edit/
2024-08-04 20:18:17,660 - setup - DEBUG - Registered URL rule: /admin/usermodel/export/<export_type>/
2024-08-04 20:18:17,661 - setup - DEBUG - Registered URL rule: /admin/usermodel/
2024-08-04 20:18:17,662 - setup - DEBUG - Registered URL rule: /admin/slotmodel/action/
2024-08-04 20:18:17,664 - setup - DEBUG - Registered URL rule: /admin/slotmodel/ajax/lookup/
2024-08-04 20:18:17,665 - setup - DEBUG - Registered URL rule: /admin/slotmodel/ajax/update/
2024-08-04 20:18:17,666 - setup - DEBUG - Registered URL rule: /admin/slotmodel/new/
2024-08-04 20:18:17,667 - setup - DEBUG - Registered URL rule: /admin/slotmodel/delete/
2024-08-04 20:18:17,668 - setup - DEBUG - Registered URL rule: /admin/slotmodel/details/
2024-08-04 20:18:17,669 - setup - DEBUG - Registered URL rule: /admin/slotmodel/edit/
2024-08-04 20:18:17,670 - setup - DEBUG - Registered URL rule: /admin/slotmodel/export/<export_type>/
2024-08-04 20:18:17,671 - setup - DEBUG - Registered URL rule: /admin/slotmodel/
2024-08-04 20:18:17,672 - setup - DEBUG - Registered URL rule: /admin/servicemodel/action/
2024-08-04 20:18:17,673 - setup - DEBUG - Registered URL rule: /admin/servicemodel/ajax/lookup/
2024-08-04 20:18:17,674 - setup - DEBUG - Registered URL rule: /admin/servicemodel/ajax/update/
2024-08-04 20:18:17,675 - setup - DEBUG - Registered URL rule: /admin/servicemodel/new/
2024-08-04 20:18:17,676 - setup - DEBUG - Registered URL rule: /admin/servicemodel/delete/
2024-08-04 20:18:17,678 - setup - DEBUG - Registered URL rule: /admin/servicemodel/details/
2024-08-04 20:18:17,679 - setup - DEBUG - Registered URL rule: /admin/servicemodel/edit/
2024-08-04 20:18:17,680 - setup - DEBUG - Registered URL rule: /admin/servicemodel/export/<export_type>/
2024-08-04 20:18:17,681 - setup - DEBUG - Registered URL rule: /admin/servicemodel/
2024-08-04 20:18:17,683 - setup - DEBUG - Registered URL rule: /admin/companymodel/action/
2024-08-04 20:18:17,684 - setup - DEBUG - Registered URL rule: /admin/companymodel/ajax/lookup/
2024-08-04 20:18:17,685 - setup - DEBUG - Registered URL rule: /admin/companymodel/ajax/update/
2024-08-04 20:18:17,686 - setup - DEBUG - Registered URL rule: /admin/companymodel/new/
2024-08-04 20:18:17,687 - setup - DEBUG - Registered URL rule: /admin/companymodel/delete/
2024-08-04 20:18:17,688 - setup - DEBUG - Registered URL rule: /admin/companymodel/details/
2024-08-04 20:18:17,689 - setup - DEBUG - Registered URL rule: /admin/companymodel/edit/
2024-08-04 20:18:17,690 - setup - DEBUG - Registered URL rule: /admin/companymodel/export/<export_type>/
2024-08-04 20:18:17,691 - setup - DEBUG - Registered URL rule: /admin/companymodel/
2024-08-04 20:18:17,692 - setup - DEBUG - Registered URL rule: /admin/carwashmodel/action/
2024-08-04 20:18:17,693 - setup - DEBUG - Registered URL rule: /admin/carwashmodel/ajax/lookup/
2024-08-04 20:18:17,694 - setup - DEBUG - Registered URL rule: /admin/carwashmodel/ajax/update/
2024-08-04 20:18:17,695 - setup - DEBUG - Registered URL rule: /admin/carwashmodel/new/
2024-08-04 20:18:17,696 - setup - DEBUG - Registered URL rule: /admin/carwashmodel/delete/
2024-08-04 20:18:17,697 - setup - DEBUG - Registered URL rule: /admin/carwashmodel/details/
2024-08-04 20:18:17,698 - setup - DEBUG - Registered URL rule: /admin/carwashmodel/edit/
2024-08-04 20:18:17,699 - setup - DEBUG - Registered URL rule: /admin/carwashmodel/export/<export_type>/
2024-08-04 20:18:17,700 - setup - DEBUG - Registered URL rule: /admin/carwashmodel/
2024-08-04 20:18:17,701 - setup - DEBUG - Registered URL rule: /admin/extramodel/action/
2024-08-04 20:18:17,702 - setup - DEBUG - Registered URL rule: /admin/extramodel/ajax/lookup/
2024-08-04 20:18:17,703 - setup - DEBUG - Registered URL rule: /admin/extramodel/ajax/update/
2024-08-04 20:18:17,704 - setup - DEBUG - Registered URL rule: /admin/extramodel/new/
2024-08-04 20:18:17,705 - setup - DEBUG - Registered URL rule: /admin/extramodel/delete/
2024-08-04 20:18:17,706 - setup - DEBUG - Registered URL rule: /admin/extramodel/details/
2024-08-04 20:18:17,707 - setup - DEBUG - Registered URL rule: /admin/extramodel/edit/
2024-08-04 20:18:17,707 - setup - DEBUG - Registered URL rule: /admin/extramodel/export/<export_type>/
2024-08-04 20:18:17,708 - setup - DEBUG - Registered URL rule: /admin/extramodel/
2024-08-04 20:18:17,709 - setup - DEBUG - Registered URL rule: /admin/customermodel/action/
2024-08-04 20:18:17,710 - setup - DEBUG - Registered URL rule: /admin/customermodel/ajax/lookup/
2024-08-04 20:18:17,711 - setup - DEBUG - Registered URL rule: /admin/customermodel/ajax/update/
2024-08-04 20:18:17,712 - setup - DEBUG - Registered URL rule: /admin/customermodel/new/
2024-08-04 20:18:17,714 - setup - DEBUG - Registered URL rule: /admin/customermodel/delete/
2024-08-04 20:18:17,715 - setup - DEBUG - Registered URL rule: /admin/customermodel/details/
2024-08-04 20:18:17,716 - setup - DEBUG - Registered URL rule: /admin/customermodel/edit/
2024-08-04 20:18:17,717 - setup - DEBUG - Registered URL rule: /admin/customermodel/export/<export_type>/
2024-08-04 20:18:17,718 - setup - DEBUG - Registered URL rule: /admin/customermodel/
2024-08-04 20:18:17,719 - setup - DEBUG - Registered URL rule: /admin/billingmodel/action/
2024-08-04 20:18:17,720 - setup - DEBUG - Registered URL rule: /admin/billingmodel/ajax/lookup/
2024-08-04 20:18:17,721 - setup - DEBUG - Registered URL rule: /admin/billingmodel/ajax/update/
2024-08-04 20:18:17,722 - setup - DEBUG - Registered URL rule: /admin/billingmodel/new/
2024-08-04 20:18:17,723 - setup - DEBUG - Registered URL rule: /admin/billingmodel/delete/
2024-08-04 20:18:17,724 - setup - DEBUG - Registered URL rule: /admin/billingmodel/details/
2024-08-04 20:18:17,725 - setup - DEBUG - Registered URL rule: /admin/billingmodel/edit/
2024-08-04 20:18:17,726 - setup - DEBUG - Registered URL rule: /admin/billingmodel/export/<export_type>/
2024-08-04 20:18:17,728 - setup - DEBUG - Registered URL rule: /admin/billingmodel/
2024-08-04 20:18:17,729 - setup - DEBUG - Registered URL rule: /admin/carmodel/action/
2024-08-04 20:18:17,730 - setup - DEBUG - Registered URL rule: /admin/carmodel/ajax/lookup/
2024-08-04 20:18:17,731 - setup - DEBUG - Registered URL rule: /admin/carmodel/ajax/update/
2024-08-04 20:18:17,731 - setup - DEBUG - Registered URL rule: /admin/carmodel/new/
2024-08-04 20:18:17,732 - setup - DEBUG - Registered URL rule: /admin/carmodel/delete/
2024-08-04 20:18:17,734 - setup - DEBUG - Registered URL rule: /admin/carmodel/details/
2024-08-04 20:18:17,735 - setup - DEBUG - Registered URL rule: /admin/carmodel/edit/
2024-08-04 20:18:17,736 - setup - DEBUG - Registered URL rule: /admin/carmodel/export/<export_type>/
2024-08-04 20:18:17,737 - setup - DEBUG - Registered URL rule: /admin/carmodel/
2024-08-04 20:18:17,738 - setup - DEBUG - Registered URL rule: /admin/monthly_invoices/
2024-08-04 20:18:17,739 - setup - DEBUG - Registered URL rule: /billing/get_billing_data
2024-08-04 20:18:17,740 - setup - DEBUG - Registered URL rule: /billing/add_billing
2024-08-04 20:18:17,741 - setup - DEBUG - Registered URL rule: /reservation/
2024-08-04 20:18:17,742 - setup - DEBUG - Registered URL rule: /reservation/popup
2024-08-04 20:18:17,743 - setup - DEBUG - Registered URL rule: /reservation/add
2024-08-04 20:18:17,743 - setup - DEBUG - Registered URL rule: /user/
2024-08-04 20:18:17,744 - setup - DEBUG - Registered URL rule: /user/login
2024-08-04 20:18:17,745 - setup - DEBUG - Registered URL rule: /user/logout
2024-08-04 20:18:17,746 - setup - DEBUG - Registered URL rule: /user/add_user
2024-08-04 20:18:17,747 - setup - DEBUG - Registered URL rule: /carwash/list
2024-08-04 20:18:17,751 - setup - DEBUG - Registered URL rule: /carwash/select
2024-08-04 20:18:17,752 - setup - DEBUG - Registered URL rule: /service/list
2024-08-04 20:18:17,753 - setup - DEBUG - Registered URL rule: /service/select
2024-08-04 20:18:17,754 - setup - DEBUG - Registered URL rule: /service/list_extra
2024-08-04 20:18:17,755 - setup - DEBUG - Registered URL rule: /service/select_extras
2024-08-04 20:18:17,756 - setup - DEBUG - Registered URL rule: /booking/set_date
2024-08-04 20:18:17,757 - setup - DEBUG - Registered URL rule: /booking/select_slot
2024-08-04 20:18:17,758 - setup - INFO - Application started with configuration: development
2024-08-04 20:20:24,807 - setup - INFO - Logging is set up. Level: DEBUG, Log file: app.log
2024-08-04 20:20:24,816 - setup - DEBUG - Database connection check result: (1,)
2024-08-04 20:20:24,817 - setup - INFO - Database connection initialized successfully.
2024-08-04 20:20:24,899 - setup - DEBUG - Registered URL rule: /static/<path:filename>
2024-08-04 20:20:24,900 - setup - DEBUG - Registered URL rule: /admin/static/<path:filename>
2024-08-04 20:20:24,901 - setup - DEBUG - Registered URL rule: /admin/
2024-08-04 20:20:24,902 - setup - DEBUG - Registered URL rule: /admin/reservationmodel/action/
2024-08-04 20:20:24,903 - setup - DEBUG - Registered URL rule: /admin/reservationmodel/ajax/lookup/
2024-08-04 20:20:24,904 - setup - DEBUG - Registered URL rule: /admin/reservationmodel/ajax/update/
2024-08-04 20:20:24,905 - setup - DEBUG - Registered URL rule: /admin/reservationmodel/new/
2024-08-04 20:20:24,906 - setup - DEBUG - Registered URL rule: /admin/reservationmodel/delete/
2024-08-04 20:20:24,907 - setup - DEBUG - Registered URL rule: /admin/reservationmodel/details/
2024-08-04 20:20:24,908 - setup - DEBUG - Registered URL rule: /admin/reservationmodel/edit/
2024-08-04 20:20:24,909 - setup - DEBUG - Registered URL rule: /admin/reservationmodel/export/<export_type>/
2024-08-04 20:20:24,910 - setup - DEBUG - Registered URL rule: /admin/reservationmodel/
2024-08-04 20:20:24,911 - setup - DEBUG - Registered URL rule: /admin/usermodel/action/
2024-08-04 20:20:24,911 - setup - DEBUG - Registered URL rule: /admin/usermodel/ajax/lookup/
2024-08-04 20:20:24,913 - setup - DEBUG - Registered URL rule: /admin/usermodel/ajax/update/
2024-08-04 20:20:24,913 - setup - DEBUG - Registered URL rule: /admin/usermodel/new/
2024-08-04 20:20:24,914 - setup - DEBUG - Registered URL rule: /admin/usermodel/delete/
2024-08-04 20:20:24,915 - setup - DEBUG - Registered URL rule: /admin/usermodel/details/
2024-08-04 20:20:24,916 - setup - DEBUG - Registered URL rule: /admin/usermodel/edit/
2024-08-04 20:20:24,917 - setup - DEBUG - Registered URL rule: /admin/usermodel/export/<export_type>/
2024-08-04 20:20:24,918 - setup - DEBUG - Registered URL rule: /admin/usermodel/
2024-08-04 20:20:24,919 - setup - DEBUG - Registered URL rule: /admin/slotmodel/action/
2024-08-04 20:20:24,920 - setup - DEBUG - Registered URL rule: /admin/slotmodel/ajax/lookup/
2024-08-04 20:20:24,921 - setup - DEBUG - Registered URL rule: /admin/slotmodel/ajax/update/
2024-08-04 20:20:24,923 - setup - DEBUG - Registered URL rule: /admin/slotmodel/new/
2024-08-04 20:20:24,924 - setup - DEBUG - Registered URL rule: /admin/slotmodel/delete/
2024-08-04 20:20:24,924 - setup - DEBUG - Registered URL rule: /admin/slotmodel/details/
2024-08-04 20:20:24,925 - setup - DEBUG - Registered URL rule: /admin/slotmodel/edit/
2024-08-04 20:20:24,926 - setup - DEBUG - Registered URL rule: /admin/slotmodel/export/<export_type>/
2024-08-04 20:20:24,927 - setup - DEBUG - Registered URL rule: /admin/slotmodel/
2024-08-04 20:20:24,928 - setup - DEBUG - Registered URL rule: /admin/servicemodel/action/
2024-08-04 20:20:24,930 - setup - DEBUG - Registered URL rule: /admin/servicemodel/ajax/lookup/
2024-08-04 20:20:24,931 - setup - DEBUG - Registered URL rule: /admin/servicemodel/ajax/update/
2024-08-04 20:20:24,932 - setup - DEBUG - Registered URL rule: /admin/servicemodel/new/
2024-08-04 20:20:24,933 - setup - DEBUG - Registered URL rule: /admin/servicemodel/delete/
2024-08-04 20:20:24,933 - setup - DEBUG - Registered URL rule: /admin/servicemodel/details/
2024-08-04 20:20:24,934 - setup - DEBUG - Registered URL rule: /admin/servicemodel/edit/
2024-08-04 20:20:24,935 - setup - DEBUG - Registered URL rule: /admin/servicemodel/export/<export_type>/
2024-08-04 20:20:24,936 - setup - DEBUG - Registered URL rule: /admin/servicemodel/
2024-08-04 20:20:24,937 - setup - DEBUG - Registered URL rule: /admin/companymodel/action/
2024-08-04 20:20:24,938 - setup - DEBUG - Registered URL rule: /admin/companymodel/ajax/lookup/
2024-08-04 20:20:24,939 - setup - DEBUG - Registered URL rule: /admin/companymodel/ajax/update/
2024-08-04 20:20:24,940 - setup - DEBUG - Registered URL rule: /admin/companymodel/new/
2024-08-04 20:20:24,941 - setup - DEBUG - Registered URL rule: /admin/companymodel/delete/
2024-08-04 20:20:24,942 - setup - DEBUG - Registered URL rule: /admin/companymodel/details/
2024-08-04 20:20:24,944 - setup - DEBUG - Registered URL rule: /admin/companymodel/edit/
2024-08-04 20:20:24,945 - setup - DEBUG - Registered URL rule: /admin/companymodel/export/<export_type>/
2024-08-04 20:20:24,946 - setup - DEBUG - Registered URL rule: /admin/companymodel/
2024-08-04 20:20:24,947 - setup - DEBUG - Registered URL rule: /admin/carwashmodel/action/
2024-08-04 20:20:24,948 - setup - DEBUG - Registered URL rule: /admin/carwashmodel/ajax/lookup/
2024-08-04 20:20:24,949 - setup - DEBUG - Registered URL rule: /admin/carwashmodel/ajax/update/
2024-08-04 20:20:24,950 - setup - DEBUG - Registered URL rule: /admin/carwashmodel/new/
2024-08-04 20:20:24,951 - setup - DEBUG - Registered URL rule: /admin/carwashmodel/delete/
2024-08-04 20:20:24,952 - setup - DEBUG - Registered URL rule: /admin/carwashmodel/details/
2024-08-04 20:20:24,953 - setup - DEBUG - Registered URL rule: /admin/carwashmodel/edit/
2024-08-04 20:20:24,955 - setup - DEBUG - Registered URL rule: /admin/carwashmodel/export/<export_type>/
2024-08-04 20:20:24,956 - setup - DEBUG - Registered URL rule: /admin/carwashmodel/
2024-08-04 20:20:24,957 - setup - DEBUG - Registered URL rule: /admin/extramodel/action/
2024-08-04 20:20:24,958 - setup - DEBUG - Registered URL rule: /admin/extramodel/ajax/lookup/
2024-08-04 20:20:24,959 - setup - DEBUG - Registered URL rule: /admin/extramodel/ajax/update/
2024-08-04 20:20:24,960 - setup - DEBUG - Registered URL rule: /admin/extramodel/new/
2024-08-04 20:20:24,961 - setup - DEBUG - Registered URL rule: /admin/extramodel/delete/
2024-08-04 20:20:24,962 - setup - DEBUG - Registered URL rule: /admin/extramodel/details/
2024-08-04 20:20:24,963 - setup - DEBUG - Registered URL rule: /admin/extramodel/edit/
2024-08-04 20:20:24,964 - setup - DEBUG - Registered URL rule: /admin/extramodel/export/<export_type>/
2024-08-04 20:20:24,965 - setup - DEBUG - Registered URL rule: /admin/extramodel/
2024-08-04 20:20:24,966 - setup - DEBUG - Registered URL rule: /admin/customermodel/action/
2024-08-04 20:20:24,967 - setup - DEBUG - Registered URL rule: /admin/customermodel/ajax/lookup/
2024-08-04 20:20:25,010 - setup - DEBUG - Registered URL rule: /admin/customermodel/ajax/update/
2024-08-04 20:20:25,011 - setup - DEBUG - Registered URL rule: /admin/customermodel/new/
2024-08-04 20:20:25,012 - setup - DEBUG - Registered URL rule: /admin/customermodel/delete/
2024-08-04 20:20:25,013 - setup - DEBUG - Registered URL rule: /admin/customermodel/details/
2024-08-04 20:20:25,015 - setup - DEBUG - Registered URL rule: /admin/customermodel/edit/
2024-08-04 20:20:25,016 - setup - DEBUG - Registered URL rule: /admin/customermodel/export/<export_type>/
2024-08-04 20:20:25,018 - setup - DEBUG - Registered URL rule: /admin/customermodel/
2024-08-04 20:20:25,019 - setup - DEBUG - Registered URL rule: /admin/billingmodel/action/
2024-08-04 20:20:25,020 - setup - DEBUG - Registered URL rule: /admin/billingmodel/ajax/lookup/
2024-08-04 20:20:25,021 - setup - DEBUG - Registered URL rule: /admin/billingmodel/ajax/update/
2024-08-04 20:20:25,022 - setup - DEBUG - Registered URL rule: /admin/billingmodel/new/
2024-08-04 20:20:25,023 - setup - DEBUG - Registered URL rule: /admin/billingmodel/delete/
2024-08-04 20:20:25,024 - setup - DEBUG - Registered URL rule: /admin/billingmodel/details/
2024-08-04 20:20:25,025 - setup - DEBUG - Registered URL rule: /admin/billingmodel/edit/
2024-08-04 20:20:25,026 - setup - DEBUG - Registered URL rule: /admin/billingmodel/export/<export_type>/
2024-08-04 20:20:25,027 - setup - DEBUG - Registered URL rule: /admin/billingmodel/
2024-08-04 20:20:25,028 - setup - DEBUG - Registered URL rule: /admin/carmodel/action/
2024-08-04 20:20:25,029 - setup - DEBUG - Registered URL rule: /admin/carmodel/ajax/lookup/
2024-08-04 20:20:25,031 - setup - DEBUG - Registered URL rule: /admin/carmodel/ajax/update/
2024-08-04 20:20:25,032 - setup - DEBUG - Registered URL rule: /admin/carmodel/new/
2024-08-04 20:20:25,033 - setup - DEBUG - Registered URL rule: /admin/carmodel/delete/
2024-08-04 20:20:25,034 - setup - DEBUG - Registered URL rule: /admin/carmodel/details/
2024-08-04 20:20:25,082 - setup - DEBUG - Registered URL rule: /admin/carmodel/edit/
2024-08-04 20:20:25,084 - setup - DEBUG - Registered URL rule: /admin/carmodel/export/<export_type>/
2024-08-04 20:20:25,085 - setup - DEBUG - Registered URL rule: /admin/carmodel/
2024-08-04 20:20:25,087 - setup - DEBUG - Registered URL rule: /admin/monthly_invoices/
2024-08-04 20:20:25,088 - setup - DEBUG - Registered URL rule: /billing/get_billing_data
2024-08-04 20:20:25,089 - setup - DEBUG - Registered URL rule: /billing/add_billing
2024-08-04 20:20:25,089 - setup - DEBUG - Registered URL rule: /reservation/
2024-08-04 20:20:25,090 - setup - DEBUG - Registered URL rule: /reservation/popup
2024-08-04 20:20:25,091 - setup - DEBUG - Registered URL rule: /reservation/add
2024-08-04 20:20:25,092 - setup - DEBUG - Registered URL rule: /user/
2024-08-04 20:20:25,093 - setup - DEBUG - Registered URL rule: /user/login
2024-08-04 20:20:25,094 - setup - DEBUG - Registered URL rule: /user/logout
2024-08-04 20:20:25,095 - setup - DEBUG - Registered URL rule: /user/add_user
2024-08-04 20:20:25,096 - setup - DEBUG - Registered URL rule: /carwash/list
2024-08-04 20:20:25,097 - setup - DEBUG - Registered URL rule: /carwash/select
2024-08-04 20:20:25,098 - setup - DEBUG - Registered URL rule: /service/list
2024-08-04 20:20:25,098 - setup - DEBUG - Registered URL rule: /service/select
2024-08-04 20:20:25,099 - setup - DEBUG - Registered URL rule: /service/list_extra
2024-08-04 20:20:25,100 - setup - DEBUG - Registered URL rule: /service/select_extras
2024-08-04 20:20:25,101 - setup - DEBUG - Registered URL rule: /booking/set_date
2024-08-04 20:20:25,103 - setup - DEBUG - Registered URL rule: /booking/select_slot
2024-08-04 20:20:25,105 - setup - INFO - Application started with configuration: development
2024-08-04 20:20:54,604 - setup - INFO - Logging is set up. Level: DEBUG, Log file: app.log
2024-08-04 20:20:54,611 - setup - DEBUG - Database connection check result: (1,)
2024-08-04 20:20:54,613 - setup - INFO - Database connection initialized successfully.
2024-08-04 20:20:54,705 - setup - DEBUG - Registered URL rule: /static/<path:filename>
2024-08-04 20:20:54,707 - setup - DEBUG - Registered URL rule: /admin/static/<path:filename>
2024-08-04 20:20:54,708 - setup - DEBUG - Registered URL rule: /admin/
2024-08-04 20:20:54,709 - setup - DEBUG - Registered URL rule: /admin/reservationmodel/action/
2024-08-04 20:20:54,710 - setup - DEBUG - Registered URL rule: /admin/reservationmodel/ajax/lookup/
2024-08-04 20:20:54,711 - setup - DEBUG - Registered URL rule: /admin/reservationmodel/ajax/update/
2024-08-04 20:20:54,712 - setup - DEBUG - Registered URL rule: /admin/reservationmodel/new/
2024-08-04 20:20:54,712 - setup - DEBUG - Registered URL rule: /admin/reservationmodel/delete/
2024-08-04 20:20:54,714 - setup - DEBUG - Registered URL rule: /admin/reservationmodel/details/
2024-08-04 20:20:54,715 - setup - DEBUG - Registered URL rule: /admin/reservationmodel/edit/
2024-08-04 20:20:54,716 - setup - DEBUG - Registered URL rule: /admin/reservationmodel/export/<export_type>/
2024-08-04 20:20:54,717 - setup - DEBUG - Registered URL rule: /admin/reservationmodel/
2024-08-04 20:20:54,718 - setup - DEBUG - Registered URL rule: /admin/usermodel/action/
2024-08-04 20:20:54,719 - setup - DEBUG - Registered URL rule: /admin/usermodel/ajax/lookup/
2024-08-04 20:20:54,720 - setup - DEBUG - Registered URL rule: /admin/usermodel/ajax/update/
2024-08-04 20:20:54,721 - setup - DEBUG - Registered URL rule: /admin/usermodel/new/
2024-08-04 20:20:54,722 - setup - DEBUG - Registered URL rule: /admin/usermodel/delete/
2024-08-04 20:20:54,723 - setup - DEBUG - Registered URL rule: /admin/usermodel/details/
2024-08-04 20:20:54,725 - setup - DEBUG - Registered URL rule: /admin/usermodel/edit/
2024-08-04 20:20:54,726 - setup - DEBUG - Registered URL rule: /admin/usermodel/export/<export_type>/
2024-08-04 20:20:54,727 - setup - DEBUG - Registered URL rule: /admin/usermodel/
2024-08-04 20:20:54,728 - setup - DEBUG - Registered URL rule: /admin/slotmodel/action/
2024-08-04 20:20:54,729 - setup - DEBUG - Registered URL rule: /admin/slotmodel/ajax/lookup/
2024-08-04 20:20:54,730 - setup - DEBUG - Registered URL rule: /admin/slotmodel/ajax/update/
2024-08-04 20:20:54,732 - setup - DEBUG - Registered URL rule: /admin/slotmodel/new/
2024-08-04 20:20:54,733 - setup - DEBUG - Registered URL rule: /admin/slotmodel/delete/
2024-08-04 20:20:54,734 - setup - DEBUG - Registered URL rule: /admin/slotmodel/details/
2024-08-04 20:20:54,735 - setup - DEBUG - Registered URL rule: /admin/slotmodel/edit/
2024-08-04 20:20:54,736 - setup - DEBUG - Registered URL rule: /admin/slotmodel/export/<export_type>/
2024-08-04 20:20:54,737 - setup - DEBUG - Registered URL rule: /admin/slotmodel/
2024-08-04 20:20:54,738 - setup - DEBUG - Registered URL rule: /admin/servicemodel/action/
2024-08-04 20:20:54,739 - setup - DEBUG - Registered URL rule: /admin/servicemodel/ajax/lookup/
2024-08-04 20:20:54,740 - setup - DEBUG - Registered URL rule: /admin/servicemodel/ajax/update/
2024-08-04 20:20:54,741 - setup - DEBUG - Registered URL rule: /admin/servicemodel/new/
2024-08-04 20:20:54,742 - setup - DEBUG - Registered URL rule: /admin/servicemodel/delete/
2024-08-04 20:20:54,743 - setup - DEBUG - Registered URL rule: /admin/servicemodel/details/
2024-08-04 20:20:54,744 - setup - DEBUG - Registered URL rule: /admin/servicemodel/edit/
2024-08-04 20:20:54,745 - setup - DEBUG - Registered URL rule: /admin/servicemodel/export/<export_type>/
2024-08-04 20:20:54,746 - setup - DEBUG - Registered URL rule: /admin/servicemodel/
2024-08-04 20:20:54,748 - setup - DEBUG - Registered URL rule: /admin/companymodel/action/
2024-08-04 20:20:54,749 - setup - DEBUG - Registered URL rule: /admin/companymodel/ajax/lookup/
2024-08-04 20:20:54,750 - setup - DEBUG - Registered URL rule: /admin/companymodel/ajax/update/
2024-08-04 20:20:54,751 - setup - DEBUG - Registered URL rule: /admin/companymodel/new/
2024-08-04 20:20:54,752 - setup - DEBUG - Registered URL rule: /admin/companymodel/delete/
2024-08-04 20:20:54,753 - setup - DEBUG - Registered URL rule: /admin/companymodel/details/
2024-08-04 20:20:54,754 - setup - DEBUG - Registered URL rule: /admin/companymodel/edit/
2024-08-04 20:20:54,755 - setup - DEBUG - Registered URL rule: /admin/companymodel/export/<export_type>/
2024-08-04 20:20:54,756 - setup - DEBUG - Registered URL rule: /admin/companymodel/
2024-08-04 20:20:54,757 - setup - DEBUG - Registered URL rule: /admin/carwashmodel/action/
2024-08-04 20:20:54,758 - setup - DEBUG - Registered URL rule: /admin/carwashmodel/ajax/lookup/
2024-08-04 20:20:54,759 - setup - DEBUG - Registered URL rule: /admin/carwashmodel/ajax/update/
2024-08-04 20:20:54,760 - setup - DEBUG - Registered URL rule: /admin/carwashmodel/new/
2024-08-04 20:20:54,760 - setup - DEBUG - Registered URL rule: /admin/carwashmodel/delete/
2024-08-04 20:20:54,762 - setup - DEBUG - Registered URL rule: /admin/carwashmodel/details/
2024-08-04 20:20:54,763 - setup - DEBUG - Registered URL rule: /admin/carwashmodel/edit/
2024-08-04 20:20:54,764 - setup - DEBUG - Registered URL rule: /admin/carwashmodel/export/<export_type>/
2024-08-04 20:20:54,765 - setup - DEBUG - Registered URL rule: /admin/carwashmodel/
2024-08-04 20:20:54,766 - setup - DEBUG - Registered URL rule: /admin/extramodel/action/
2024-08-04 20:20:54,768 - setup - DEBUG - Registered URL rule: /admin/extramodel/ajax/lookup/
2024-08-04 20:20:54,768 - setup - DEBUG - Registered URL rule: /admin/extramodel/ajax/update/
2024-08-04 20:20:54,769 - setup - DEBUG - Registered URL rule: /admin/extramodel/new/
2024-08-04 20:20:54,771 - setup - DEBUG - Registered URL rule: /admin/extramodel/delete/
2024-08-04 20:20:54,772 - setup - DEBUG - Registered URL rule: /admin/extramodel/details/
2024-08-04 20:20:54,773 - setup - DEBUG - Registered URL rule: /admin/extramodel/edit/
2024-08-04 20:20:54,774 - setup - DEBUG - Registered URL rule: /admin/extramodel/export/<export_type>/
2024-08-04 20:20:54,775 - setup - DEBUG - Registered URL rule: /admin/extramodel/
2024-08-04 20:20:54,776 - setup - DEBUG - Registered URL rule: /admin/customermodel/action/
2024-08-04 20:20:54,777 - setup - DEBUG - Registered URL rule: /admin/customermodel/ajax/lookup/
2024-08-04 20:20:54,778 - setup - DEBUG - Registered URL rule: /admin/customermodel/ajax/update/
2024-08-04 20:20:54,779 - setup - DEBUG - Registered URL rule: /admin/customermodel/new/
2024-08-04 20:20:54,779 - setup - DEBUG - Registered URL rule: /admin/customermodel/delete/
2024-08-04 20:20:54,780 - setup - DEBUG - Registered URL rule: /admin/customermodel/details/
2024-08-04 20:20:54,781 - setup - DEBUG - Registered URL rule: /admin/customermodel/edit/
2024-08-04 20:20:54,782 - setup - DEBUG - Registered URL rule: /admin/customermodel/export/<export_type>/
2024-08-04 20:20:54,783 - setup - DEBUG - Registered URL rule: /admin/customermodel/
2024-08-04 20:20:54,784 - setup - DEBUG - Registered URL rule: /admin/billingmodel/action/
2024-08-04 20:20:54,785 - setup - DEBUG - Registered URL rule: /admin/billingmodel/ajax/lookup/
2024-08-04 20:20:54,786 - setup - DEBUG - Registered URL rule: /admin/billingmodel/ajax/update/
2024-08-04 20:20:54,787 - setup - DEBUG - Registered URL rule: /admin/billingmodel/new/
2024-08-04 20:20:54,788 - setup - DEBUG - Registered URL rule: /admin/billingmodel/delete/
2024-08-04 20:20:54,789 - setup - DEBUG - Registered URL rule: /admin/billingmodel/details/
2024-08-04 20:20:54,790 - setup - DEBUG - Registered URL rule: /admin/billingmodel/edit/
2024-08-04 20:20:54,791 - setup - DEBUG - Registered URL rule: /admin/billingmodel/export/<export_type>/
2024-08-04 20:20:54,792 - setup - DEBUG - Registered URL rule: /admin/billingmodel/
2024-08-04 20:20:54,793 - setup - DEBUG - Registered URL rule: /admin/carmodel/action/
2024-08-04 20:20:54,794 - setup - DEBUG - Registered URL rule: /admin/carmodel/ajax/lookup/
2024-08-04 20:20:54,795 - setup - DEBUG - Registered URL rule: /admin/carmodel/ajax/update/
2024-08-04 20:20:54,796 - setup - DEBUG - Registered URL rule: /admin/carmodel/new/
2024-08-04 20:20:54,797 - setup - DEBUG - Registered URL rule: /admin/carmodel/delete/
2024-08-04 20:20:54,798 - setup - DEBUG - Registered URL rule: /admin/carmodel/details/
2024-08-04 20:20:54,799 - setup - DEBUG - Registered URL rule: /admin/carmodel/edit/
2024-08-04 20:20:54,800 - setup - DEBUG - Registered URL rule: /admin/carmodel/export/<export_type>/
2024-08-04 20:20:54,801 - setup - DEBUG - Registered URL rule: /admin/carmodel/
2024-08-04 20:20:54,802 - setup - DEBUG - Registered URL rule: /admin/monthly_invoices/
2024-08-04 20:20:54,802 - setup - DEBUG - Registered URL rule: /billing/get_billing_data
2024-08-04 20:20:54,804 - setup - DEBUG - Registered URL rule: /billing/add_billing
2024-08-04 20:20:54,805 - setup - DEBUG - Registered URL rule: /reservation/
2024-08-04 20:20:54,806 - setup - DEBUG - Registered URL rule: /reservation/popup
2024-08-04 20:20:54,807 - setup - DEBUG - Registered URL rule: /reservation/add
2024-08-04 20:20:54,808 - setup - DEBUG - Registered URL rule: /user/
2024-08-04 20:20:54,808 - setup - DEBUG - Registered URL rule: /user/login
2024-08-04 20:20:54,809 - setup - DEBUG - Registered URL rule: /user/logout
2024-08-04 20:20:54,810 - setup - DEBUG - Registered URL rule: /user/add_user
2024-08-04 20:20:54,811 - setup - DEBUG - Registered URL rule: /carwash/list
2024-08-04 20:20:54,812 - setup - DEBUG - Registered URL rule: /carwash/select
2024-08-04 20:20:54,814 - setup - DEBUG - Registered URL rule: /service/list
2024-08-04 20:20:54,815 - setup - DEBUG - Registered URL rule: /service/select
2024-08-04 20:20:54,816 - setup - DEBUG - Registered URL rule: /service/list_extra
2024-08-04 20:20:54,817 - setup - DEBUG - Registered URL rule: /service/select_extras
2024-08-04 20:20:54,818 - setup - DEBUG - Registered URL rule: /booking/set_date
2024-08-04 20:20:54,819 - setup - DEBUG - Registered URL rule: /booking/select_slot
2024-08-04 20:20:54,820 - setup - INFO - Application started with configuration: development
2024-08-04 20:23:56,423 - setup - INFO - Logging is set up. Level: DEBUG, Log file: app.log
2024-08-04 20:23:56,433 - setup - DEBUG - Database connection check result: (1,)
2024-08-04 20:23:56,434 - setup - INFO - Database connection initialized successfully.
2024-08-04 20:23:56,512 - setup - DEBUG - Registered URL rule: /static/<path:filename>
2024-08-04 20:23:56,513 - setup - DEBUG - Registered URL rule: /admin/static/<path:filename>
2024-08-04 20:23:56,515 - setup - DEBUG - Registered URL rule: /admin/
2024-08-04 20:23:56,516 - setup - DEBUG - Registered URL rule: /admin/reservationmodel/action/
2024-08-04 20:23:56,517 - setup - DEBUG - Registered URL rule: /admin/reservationmodel/ajax/lookup/
2024-08-04 20:23:56,518 - setup - DEBUG - Registered URL rule: /admin/reservationmodel/ajax/update/
2024-08-04 20:23:56,519 - setup - DEBUG - Registered URL rule: /admin/reservationmodel/new/
2024-08-04 20:23:56,521 - setup - DEBUG - Registered URL rule: /admin/reservationmodel/delete/
2024-08-04 20:23:56,522 - setup - DEBUG - Registered URL rule: /admin/reservationmodel/details/
2024-08-04 20:23:56,523 - setup - DEBUG - Registered URL rule: /admin/reservationmodel/edit/
2024-08-04 20:23:56,524 - setup - DEBUG - Registered URL rule: /admin/reservationmodel/export/<export_type>/
2024-08-04 20:23:56,525 - setup - DEBUG - Registered URL rule: /admin/reservationmodel/
2024-08-04 20:23:56,526 - setup - DEBUG - Registered URL rule: /admin/usermodel/action/
2024-08-04 20:23:56,527 - setup - DEBUG - Registered URL rule: /admin/usermodel/ajax/lookup/
2024-08-04 20:23:56,529 - setup - DEBUG - Registered URL rule: /admin/usermodel/ajax/update/
2024-08-04 20:23:56,530 - setup - DEBUG - Registered URL rule: /admin/usermodel/new/
2024-08-04 20:23:56,531 - setup - DEBUG - Registered URL rule: /admin/usermodel/delete/
2024-08-04 20:23:56,532 - setup - DEBUG - Registered URL rule: /admin/usermodel/details/
2024-08-04 20:23:56,533 - setup - DEBUG - Registered URL rule: /admin/usermodel/edit/
2024-08-04 20:23:56,534 - setup - DEBUG - Registered URL rule: /admin/usermodel/export/<export_type>/
2024-08-04 20:23:56,535 - setup - DEBUG - Registered URL rule: /admin/usermodel/
2024-08-04 20:23:56,536 - setup - DEBUG - Registered URL rule: /admin/slotmodel/action/
2024-08-04 20:23:56,537 - setup - DEBUG - Registered URL rule: /admin/slotmodel/ajax/lookup/
2024-08-04 20:23:56,537 - setup - DEBUG - Registered URL rule: /admin/slotmodel/ajax/update/
2024-08-04 20:23:56,539 - setup - DEBUG - Registered URL rule: /admin/slotmodel/new/
2024-08-04 20:23:56,540 - setup - DEBUG - Registered URL rule: /admin/slotmodel/delete/
2024-08-04 20:23:56,541 - setup - DEBUG - Registered URL rule: /admin/slotmodel/details/
2024-08-04 20:23:56,543 - setup - DEBUG - Registered URL rule: /admin/slotmodel/edit/
2024-08-04 20:23:56,545 - setup - DEBUG - Registered URL rule: /admin/slotmodel/export/<export_type>/
2024-08-04 20:23:56,546 - setup - DEBUG - Registered URL rule: /admin/slotmodel/
2024-08-04 20:23:56,547 - setup - DEBUG - Registered URL rule: /admin/servicemodel/action/
2024-08-04 20:23:56,548 - setup - DEBUG - Registered URL rule: /admin/servicemodel/ajax/lookup/
2024-08-04 20:23:56,550 - setup - DEBUG - Registered URL rule: /admin/servicemodel/ajax/update/
2024-08-04 20:23:56,551 - setup - DEBUG - Registered URL rule: /admin/servicemodel/new/
2024-08-04 20:23:56,553 - setup - DEBUG - Registered URL rule: /admin/servicemodel/delete/
2024-08-04 20:23:56,554 - setup - DEBUG - Registered URL rule: /admin/servicemodel/details/
2024-08-04 20:23:56,556 - setup - DEBUG - Registered URL rule: /admin/servicemodel/edit/
2024-08-04 20:23:56,557 - setup - DEBUG - Registered URL rule: /admin/servicemodel/export/<export_type>/
2024-08-04 20:23:56,558 - setup - DEBUG - Registered URL rule: /admin/servicemodel/
2024-08-04 20:23:56,559 - setup - DEBUG - Registered URL rule: /admin/companymodel/action/
2024-08-04 20:23:56,560 - setup - DEBUG - Registered URL rule: /admin/companymodel/ajax/lookup/
2024-08-04 20:23:56,561 - setup - DEBUG - Registered URL rule: /admin/companymodel/ajax/update/
2024-08-04 20:23:56,562 - setup - DEBUG - Registered URL rule: /admin/companymodel/new/
2024-08-04 20:23:56,563 - setup - DEBUG - Registered URL rule: /admin/companymodel/delete/
2024-08-04 20:23:56,564 - setup - DEBUG - Registered URL rule: /admin/companymodel/details/
2024-08-04 20:23:56,566 - setup - DEBUG - Registered URL rule: /admin/companymodel/edit/
2024-08-04 20:23:56,567 - setup - DEBUG - Registered URL rule: /admin/companymodel/export/<export_type>/
2024-08-04 20:23:56,568 - setup - DEBUG - Registered URL rule: /admin/companymodel/
2024-08-04 20:23:56,569 - setup - DEBUG - Registered URL rule: /admin/carwashmodel/action/
2024-08-04 20:23:56,570 - setup - DEBUG - Registered URL rule: /admin/carwashmodel/ajax/lookup/
2024-08-04 20:23:56,572 - setup - DEBUG - Registered URL rule: /admin/carwashmodel/ajax/update/
2024-08-04 20:23:56,573 - setup - DEBUG - Registered URL rule: /admin/carwashmodel/new/
2024-08-04 20:23:56,574 - setup - DEBUG - Registered URL rule: /admin/carwashmodel/delete/
2024-08-04 20:23:56,575 - setup - DEBUG - Registered URL rule: /admin/carwashmodel/details/
2024-08-04 20:23:56,576 - setup - DEBUG - Registered URL rule: /admin/carwashmodel/edit/
2024-08-04 20:23:56,577 - setup - DEBUG - Registered URL rule: /admin/carwashmodel/export/<export_type>/
2024-08-04 20:23:56,578 - setup - DEBUG - Registered URL rule: /admin/carwashmodel/
2024-08-04 20:23:56,579 - setup - DEBUG - Registered URL rule: /admin/extramodel/action/
2024-08-04 20:23:56,581 - setup - DEBUG - Registered URL rule: /admin/extramodel/ajax/lookup/
2024-08-04 20:23:56,582 - setup - DEBUG - Registered URL rule: /admin/extramodel/ajax/update/
2024-08-04 20:23:56,584 - setup - DEBUG - Registered URL rule: /admin/extramodel/new/
2024-08-04 20:23:56,585 - setup - DEBUG - Registered URL rule: /admin/extramodel/delete/
2024-08-04 20:23:56,586 - setup - DEBUG - Registered URL rule: /admin/extramodel/details/
2024-08-04 20:23:56,587 - setup - DEBUG - Registered URL rule: /admin/extramodel/edit/
2024-08-04 20:23:56,588 - setup - DEBUG - Registered URL rule: /admin/extramodel/export/<export_type>/
2024-08-04 20:23:56,589 - setup - DEBUG - Registered URL rule: /admin/extramodel/
2024-08-04 20:23:56,590 - setup - DEBUG - Registered URL rule: /admin/customermodel/action/
2024-08-04 20:23:56,591 - setup - DEBUG - Registered URL rule: /admin/customermodel/ajax/lookup/
2024-08-04 20:23:56,593 - setup - DEBUG - Registered URL rule: /admin/customermodel/ajax/update/
2024-08-04 20:23:56,594 - setup - DEBUG - Registered URL rule: /admin/customermodel/new/
2024-08-04 20:23:56,595 - setup - DEBUG - Registered URL rule: /admin/customermodel/delete/
2024-08-04 20:23:56,596 - setup - DEBUG - Registered URL rule: /admin/customermodel/details/
2024-08-04 20:23:56,597 - setup - DEBUG - Registered URL rule: /admin/customermodel/edit/
2024-08-04 20:23:56,598 - setup - DEBUG - Registered URL rule: /admin/customermodel/export/<export_type>/
2024-08-04 20:23:56,599 - setup - DEBUG - Registered URL rule: /admin/customermodel/
2024-08-04 20:23:56,601 - setup - DEBUG - Registered URL rule: /admin/billingmodel/action/
2024-08-04 20:23:56,603 - setup - DEBUG - Registered URL rule: /admin/billingmodel/ajax/lookup/
2024-08-04 20:23:56,604 - setup - DEBUG - Registered URL rule: /admin/billingmodel/ajax/update/
2024-08-04 20:23:56,605 - setup - DEBUG - Registered URL rule: /admin/billingmodel/new/
2024-08-04 20:23:56,607 - setup - DEBUG - Registered URL rule: /admin/billingmodel/delete/
2024-08-04 20:23:56,608 - setup - DEBUG - Registered URL rule: /admin/billingmodel/details/
2024-08-04 20:23:56,608 - setup - DEBUG - Registered URL rule: /admin/billingmodel/edit/
2024-08-04 20:23:56,610 - setup - DEBUG - Registered URL rule: /admin/billingmodel/export/<export_type>/
2024-08-04 20:23:56,610 - setup - DEBUG - Registered URL rule: /admin/billingmodel/
2024-08-04 20:23:56,612 - setup - DEBUG - Registered URL rule: /admin/carmodel/action/
2024-08-04 20:23:56,613 - setup - DEBUG - Registered URL rule: /admin/carmodel/ajax/lookup/
2024-08-04 20:23:56,613 - setup - DEBUG - Registered URL rule: /admin/carmodel/ajax/update/
2024-08-04 20:23:56,616 - setup - DEBUG - Registered URL rule: /admin/carmodel/new/
2024-08-04 20:23:56,616 - setup - DEBUG - Registered URL rule: /admin/carmodel/delete/
2024-08-04 20:23:56,618 - setup - DEBUG - Registered URL rule: /admin/carmodel/details/
2024-08-04 20:23:56,619 - setup - DEBUG - Registered URL rule: /admin/carmodel/edit/
2024-08-04 20:23:56,620 - setup - DEBUG - Registered URL rule: /admin/carmodel/export/<export_type>/
2024-08-04 20:23:56,620 - setup - DEBUG - Registered URL rule: /admin/carmodel/
2024-08-04 20:23:56,622 - setup - DEBUG - Registered URL rule: /admin/monthly_invoices/
2024-08-04 20:23:56,623 - setup - DEBUG - Registered URL rule: /billing/get_billing_data
2024-08-04 20:23:56,624 - setup - DEBUG - Registered URL rule: /billing/add_billing
2024-08-04 20:23:56,625 - setup - DEBUG - Registered URL rule: /reservation/
2024-08-04 20:23:56,626 - setup - DEBUG - Registered URL rule: /reservation/popup
2024-08-04 20:23:56,628 - setup - DEBUG - Registered URL rule: /reservation/add
2024-08-04 20:23:56,630 - setup - DEBUG - Registered URL rule: /user/
2024-08-04 20:23:56,631 - setup - DEBUG - Registered URL rule: /user/login
2024-08-04 20:23:56,632 - setup - DEBUG - Registered URL rule: /user/logout
2024-08-04 20:23:56,632 - setup - DEBUG - Registered URL rule: /user/add_user
2024-08-04 20:23:56,635 - setup - DEBUG - Registered URL rule: /carwash/list
2024-08-04 20:23:56,635 - setup - DEBUG - Registered URL rule: /carwash/select
2024-08-04 20:23:56,636 - setup - DEBUG - Registered URL rule: /service/list
2024-08-04 20:23:56,637 - setup - DEBUG - Registered URL rule: /service/select
2024-08-04 20:23:56,638 - setup - DEBUG - Registered URL rule: /service/list_extra
2024-08-04 20:23:56,639 - setup - DEBUG - Registered URL rule: /service/select_extras
2024-08-04 20:23:56,640 - setup - DEBUG - Registered URL rule: /booking/set_date
2024-08-04 20:23:56,640 - setup - DEBUG - Registered URL rule: /booking/select_slot
2024-08-04 20:23:56,642 - setup - INFO - Application started with configuration: development
2024-08-04 20:24:34,963 - setup - INFO - Logging is set up. Level: DEBUG, Log file: app.log
2024-08-04 20:24:34,970 - setup - DEBUG - Database connection check result: (1,)
2024-08-04 20:24:34,971 - setup - INFO - Database connection initialized successfully.
2024-08-04 20:24:35,050 - setup - DEBUG - Registered URL rule: /static/<path:filename>
2024-08-04 20:24:35,052 - setup - DEBUG - Registered URL rule: /admin/static/<path:filename>
2024-08-04 20:24:35,053 - setup - DEBUG - Registered URL rule: /admin/
2024-08-04 20:24:35,054 - setup - DEBUG - Registered URL rule: /admin/reservationmodel/action/
2024-08-04 20:24:35,055 - setup - DEBUG - Registered URL rule: /admin/reservationmodel/ajax/lookup/
2024-08-04 20:24:35,056 - setup - DEBUG - Registered URL rule: /admin/reservationmodel/ajax/update/
2024-08-04 20:24:35,057 - setup - DEBUG - Registered URL rule: /admin/reservationmodel/new/
2024-08-04 20:24:35,058 - setup - DEBUG - Registered URL rule: /admin/reservationmodel/delete/
2024-08-04 20:24:35,059 - setup - DEBUG - Registered URL rule: /admin/reservationmodel/details/
2024-08-04 20:24:35,060 - setup - DEBUG - Registered URL rule: /admin/reservationmodel/edit/
2024-08-04 20:24:35,061 - setup - DEBUG - Registered URL rule: /admin/reservationmodel/export/<export_type>/
2024-08-04 20:24:35,062 - setup - DEBUG - Registered URL rule: /admin/reservationmodel/
2024-08-04 20:24:35,064 - setup - DEBUG - Registered URL rule: /admin/usermodel/action/
2024-08-04 20:24:35,065 - setup - DEBUG - Registered URL rule: /admin/usermodel/ajax/lookup/
2024-08-04 20:24:35,066 - setup - DEBUG - Registered URL rule: /admin/usermodel/ajax/update/
2024-08-04 20:24:35,067 - setup - DEBUG - Registered URL rule: /admin/usermodel/new/
2024-08-04 20:24:35,067 - setup - DEBUG - Registered URL rule: /admin/usermodel/delete/
2024-08-04 20:24:35,068 - setup - DEBUG - Registered URL rule: /admin/usermodel/details/
2024-08-04 20:24:35,070 - setup - DEBUG - Registered URL rule: /admin/usermodel/edit/
2024-08-04 20:24:35,071 - setup - DEBUG - Registered URL rule: /admin/usermodel/export/<export_type>/
2024-08-04 20:24:35,072 - setup - DEBUG - Registered URL rule: /admin/usermodel/
2024-08-04 20:24:35,073 - setup - DEBUG - Registered URL rule: /admin/slotmodel/action/
2024-08-04 20:24:35,074 - setup - DEBUG - Registered URL rule: /admin/slotmodel/ajax/lookup/
2024-08-04 20:24:35,075 - setup - DEBUG - Registered URL rule: /admin/slotmodel/ajax/update/
2024-08-04 20:24:35,077 - setup - DEBUG - Registered URL rule: /admin/slotmodel/new/
2024-08-04 20:24:35,078 - setup - DEBUG - Registered URL rule: /admin/slotmodel/delete/
2024-08-04 20:24:35,079 - setup - DEBUG - Registered URL rule: /admin/slotmodel/details/
2024-08-04 20:24:35,080 - setup - DEBUG - Registered URL rule: /admin/slotmodel/edit/
2024-08-04 20:24:35,081 - setup - DEBUG - Registered URL rule: /admin/slotmodel/export/<export_type>/
2024-08-04 20:24:35,082 - setup - DEBUG - Registered URL rule: /admin/slotmodel/
2024-08-04 20:24:35,083 - setup - DEBUG - Registered URL rule: /admin/servicemodel/action/
2024-08-04 20:24:35,084 - setup - DEBUG - Registered URL rule: /admin/servicemodel/ajax/lookup/
2024-08-04 20:24:35,086 - setup - DEBUG - Registered URL rule: /admin/servicemodel/ajax/update/
2024-08-04 20:24:35,086 - setup - DEBUG - Registered URL rule: /admin/servicemodel/new/
2024-08-04 20:24:35,088 - setup - DEBUG - Registered URL rule: /admin/servicemodel/delete/
2024-08-04 20:24:35,089 - setup - DEBUG - Registered URL rule: /admin/servicemodel/details/
2024-08-04 20:24:35,090 - setup - DEBUG - Registered URL rule: /admin/servicemodel/edit/
2024-08-04 20:24:35,091 - setup - DEBUG - Registered URL rule: /admin/servicemodel/export/<export_type>/
2024-08-04 20:24:35,092 - setup - DEBUG - Registered URL rule: /admin/servicemodel/
2024-08-04 20:24:35,093 - setup - DEBUG - Registered URL rule: /admin/companymodel/action/
2024-08-04 20:24:35,094 - setup - DEBUG - Registered URL rule: /admin/companymodel/ajax/lookup/
2024-08-04 20:24:35,095 - setup - DEBUG - Registered URL rule: /admin/companymodel/ajax/update/
2024-08-04 20:24:35,096 - setup - DEBUG - Registered URL rule: /admin/companymodel/new/
2024-08-04 20:24:35,097 - setup - DEBUG - Registered URL rule: /admin/companymodel/delete/
2024-08-04 20:24:35,098 - setup - DEBUG - Registered URL rule: /admin/companymodel/details/
2024-08-04 20:24:35,099 - setup - DEBUG - Registered URL rule: /admin/companymodel/edit/
2024-08-04 20:24:35,100 - setup - DEBUG - Registered URL rule: /admin/companymodel/export/<export_type>/
2024-08-04 20:24:35,101 - setup - DEBUG - Registered URL rule: /admin/companymodel/
2024-08-04 20:24:35,102 - setup - DEBUG - Registered URL rule: /admin/carwashmodel/action/
2024-08-04 20:24:35,103 - setup - DEBUG - Registered URL rule: /admin/carwashmodel/ajax/lookup/
2024-08-04 20:24:35,104 - setup - DEBUG - Registered URL rule: /admin/carwashmodel/ajax/update/
2024-08-04 20:24:35,105 - setup - DEBUG - Registered URL rule: /admin/carwashmodel/new/
2024-08-04 20:24:35,106 - setup - DEBUG - Registered URL rule: /admin/carwashmodel/delete/
2024-08-04 20:24:35,107 - setup - DEBUG - Registered URL rule: /admin/carwashmodel/details/
2024-08-04 20:24:35,108 - setup - DEBUG - Registered URL rule: /admin/carwashmodel/edit/
2024-08-04 20:24:35,109 - setup - DEBUG - Registered URL rule: /admin/carwashmodel/export/<export_type>/
2024-08-04 20:24:35,110 - setup - DEBUG - Registered URL rule: /admin/carwashmodel/
2024-08-04 20:24:35,111 - setup - DEBUG - Registered URL rule: /admin/extramodel/action/
2024-08-04 20:24:35,113 - setup - DEBUG - Registered URL rule: /admin/extramodel/ajax/lookup/
2024-08-04 20:24:35,114 - setup - DEBUG - Registered URL rule: /admin/extramodel/ajax/update/
2024-08-04 20:24:35,115 - setup - DEBUG - Registered URL rule: /admin/extramodel/new/
2024-08-04 20:24:35,115 - setup - DEBUG - Registered URL rule: /admin/extramodel/delete/
2024-08-04 20:24:35,116 - setup - DEBUG - Registered URL rule: /admin/extramodel/details/
2024-08-04 20:24:35,117 - setup - DEBUG - Registered URL rule: /admin/extramodel/edit/
2024-08-04 20:24:35,118 - setup - DEBUG - Registered URL rule: /admin/extramodel/export/<export_type>/
2024-08-04 20:24:35,119 - setup - DEBUG - Registered URL rule: /admin/extramodel/
2024-08-04 20:24:35,122 - setup - DEBUG - Registered URL rule: /admin/customermodel/action/
2024-08-04 20:24:35,124 - setup - DEBUG - Registered URL rule: /admin/customermodel/ajax/lookup/
2024-08-04 20:24:35,134 - setup - DEBUG - Registered URL rule: /admin/customermodel/ajax/update/
2024-08-04 20:24:35,135 - setup - DEBUG - Registered URL rule: /admin/customermodel/new/
2024-08-04 20:24:35,167 - setup - DEBUG - Registered URL rule: /admin/customermodel/delete/
2024-08-04 20:24:35,194 - setup - DEBUG - Registered URL rule: /admin/customermodel/details/
2024-08-04 20:24:35,195 - setup - DEBUG - Registered URL rule: /admin/customermodel/edit/
2024-08-04 20:24:35,196 - setup - DEBUG - Registered URL rule: /admin/customermodel/export/<export_type>/
2024-08-04 20:24:35,197 - setup - DEBUG - Registered URL rule: /admin/customermodel/
2024-08-04 20:24:35,198 - setup - DEBUG - Registered URL rule: /admin/billingmodel/action/
2024-08-04 20:24:35,222 - setup - DEBUG - Registered URL rule: /admin/billingmodel/ajax/lookup/
2024-08-04 20:24:35,234 - setup - DEBUG - Registered URL rule: /admin/billingmodel/ajax/update/
2024-08-04 20:24:35,235 - setup - DEBUG - Registered URL rule: /admin/billingmodel/new/
2024-08-04 20:24:35,236 - setup - DEBUG - Registered URL rule: /admin/billingmodel/delete/
2024-08-04 20:24:35,238 - setup - DEBUG - Registered URL rule: /admin/billingmodel/details/
2024-08-04 20:24:35,239 - setup - DEBUG - Registered URL rule: /admin/billingmodel/edit/
2024-08-04 20:24:35,240 - setup - DEBUG - Registered URL rule: /admin/billingmodel/export/<export_type>/
2024-08-04 20:24:35,241 - setup - DEBUG - Registered URL rule: /admin/billingmodel/
2024-08-04 20:24:35,242 - setup - DEBUG - Registered URL rule: /admin/carmodel/action/
2024-08-04 20:24:35,243 - setup - DEBUG - Registered URL rule: /admin/carmodel/ajax/lookup/
2024-08-04 20:24:35,244 - setup - DEBUG - Registered URL rule: /admin/carmodel/ajax/update/
2024-08-04 20:24:35,245 - setup - DEBUG - Registered URL rule: /admin/carmodel/new/
2024-08-04 20:24:35,247 - setup - DEBUG - Registered URL rule: /admin/carmodel/delete/
2024-08-04 20:24:35,248 - setup - DEBUG - Registered URL rule: /admin/carmodel/details/
2024-08-04 20:24:35,249 - setup - DEBUG - Registered URL rule: /admin/carmodel/edit/
2024-08-04 20:24:35,250 - setup - DEBUG - Registered URL rule: /admin/carmodel/export/<export_type>/
2024-08-04 20:24:35,251 - setup - DEBUG - Registered URL rule: /admin/carmodel/
2024-08-04 20:24:35,252 - setup - DEBUG - Registered URL rule: /admin/monthly_invoices/
2024-08-04 20:24:35,253 - setup - DEBUG - Registered URL rule: /billing/get_billing_data
2024-08-04 20:24:35,253 - setup - DEBUG - Registered URL rule: /billing/add_billing
2024-08-04 20:24:35,254 - setup - DEBUG - Registered URL rule: /reservation/
2024-08-04 20:24:35,255 - setup - DEBUG - Registered URL rule: /reservation/popup
2024-08-04 20:24:35,256 - setup - DEBUG - Registered URL rule: /reservation/add
2024-08-04 20:24:35,257 - setup - DEBUG - Registered URL rule: /user/
2024-08-04 20:24:35,258 - setup - DEBUG - Registered URL rule: /user/login
2024-08-04 20:24:35,260 - setup - DEBUG - Registered URL rule: /user/logout
2024-08-04 20:24:35,261 - setup - DEBUG - Registered URL rule: /user/add_user
2024-08-04 20:24:35,262 - setup - DEBUG - Registered URL rule: /carwash/list
2024-08-04 20:24:35,263 - setup - DEBUG - Registered URL rule: /carwash/select
2024-08-04 20:24:35,264 - setup - DEBUG - Registered URL rule: /service/list
2024-08-04 20:24:35,266 - setup - DEBUG - Registered URL rule: /service/select
2024-08-04 20:24:35,267 - setup - DEBUG - Registered URL rule: /service/list_extra
2024-08-04 20:24:35,268 - setup - DEBUG - Registered URL rule: /service/select_extras
2024-08-04 20:24:35,269 - setup - DEBUG - Registered URL rule: /booking/set_date
2024-08-04 20:24:35,270 - setup - DEBUG - Registered URL rule: /booking/select_slot
2024-08-04 20:24:35,273 - setup - INFO - Application started with configuration: development
2024-08-04 20:25:57,479 - setup - INFO - Logging is set up. Level: DEBUG, Log file: app.log
2024-08-04 20:25:57,484 - setup - DEBUG - Database connection check result: (1,)
2024-08-04 20:25:57,486 - setup - INFO - Database connection initialized successfully.
2024-08-04 20:25:57,560 - setup - DEBUG - Registered URL rule: /static/<path:filename>
2024-08-04 20:25:57,561 - setup - DEBUG - Registered URL rule: /admin/static/<path:filename>
2024-08-04 20:25:57,562 - setup - DEBUG - Registered URL rule: /admin/
2024-08-04 20:25:57,563 - setup - DEBUG - Registered URL rule: /admin/reservationmodel/action/
2024-08-04 20:25:57,564 - setup - DEBUG - Registered URL rule: /admin/reservationmodel/ajax/lookup/
2024-08-04 20:25:57,565 - setup - DEBUG - Registered URL rule: /admin/reservationmodel/ajax/update/
2024-08-04 20:25:57,566 - setup - DEBUG - Registered URL rule: /admin/reservationmodel/new/
2024-08-04 20:25:57,567 - setup - DEBUG - Registered URL rule: /admin/reservationmodel/delete/
2024-08-04 20:25:57,568 - setup - DEBUG - Registered URL rule: /admin/reservationmodel/details/
2024-08-04 20:25:57,569 - setup - DEBUG - Registered URL rule: /admin/reservationmodel/edit/
2024-08-04 20:25:57,570 - setup - DEBUG - Registered URL rule: /admin/reservationmodel/export/<export_type>/
2024-08-04 20:25:57,571 - setup - DEBUG - Registered URL rule: /admin/reservationmodel/
2024-08-04 20:25:57,572 - setup - DEBUG - Registered URL rule: /admin/usermodel/action/
2024-08-04 20:25:57,573 - setup - DEBUG - Registered URL rule: /admin/usermodel/ajax/lookup/
2024-08-04 20:25:57,574 - setup - DEBUG - Registered URL rule: /admin/usermodel/ajax/update/
2024-08-04 20:25:57,575 - setup - DEBUG - Registered URL rule: /admin/usermodel/new/
2024-08-04 20:25:57,576 - setup - DEBUG - Registered URL rule: /admin/usermodel/delete/
2024-08-04 20:25:57,577 - setup - DEBUG - Registered URL rule: /admin/usermodel/details/
2024-08-04 20:25:57,578 - setup - DEBUG - Registered URL rule: /admin/usermodel/edit/
2024-08-04 20:25:57,580 - setup - DEBUG - Registered URL rule: /admin/usermodel/export/<export_type>/
2024-08-04 20:25:57,580 - setup - DEBUG - Registered URL rule: /admin/usermodel/
2024-08-04 20:25:57,582 - setup - DEBUG - Registered URL rule: /admin/slotmodel/action/
2024-08-04 20:25:57,583 - setup - DEBUG - Registered URL rule: /admin/slotmodel/ajax/lookup/
2024-08-04 20:25:57,584 - setup - DEBUG - Registered URL rule: /admin/slotmodel/ajax/update/
2024-08-04 20:25:57,585 - setup - DEBUG - Registered URL rule: /admin/slotmodel/new/
2024-08-04 20:25:57,585 - setup - DEBUG - Registered URL rule: /admin/slotmodel/delete/
2024-08-04 20:25:57,586 - setup - DEBUG - Registered URL rule: /admin/slotmodel/details/
2024-08-04 20:25:57,588 - setup - DEBUG - Registered URL rule: /admin/slotmodel/edit/
2024-08-04 20:25:57,589 - setup - DEBUG - Registered URL rule: /admin/slotmodel/export/<export_type>/
2024-08-04 20:25:57,590 - setup - DEBUG - Registered URL rule: /admin/slotmodel/
2024-08-04 20:25:57,591 - setup - DEBUG - Registered URL rule: /admin/servicemodel/action/
2024-08-04 20:25:57,592 - setup - DEBUG - Registered URL rule: /admin/servicemodel/ajax/lookup/
2024-08-04 20:25:57,593 - setup - DEBUG - Registered URL rule: /admin/servicemodel/ajax/update/
2024-08-04 20:25:57,594 - setup - DEBUG - Registered URL rule: /admin/servicemodel/new/
2024-08-04 20:25:57,595 - setup - DEBUG - Registered URL rule: /admin/servicemodel/delete/
2024-08-04 20:25:57,596 - setup - DEBUG - Registered URL rule: /admin/servicemodel/details/
2024-08-04 20:25:57,597 - setup - DEBUG - Registered URL rule: /admin/servicemodel/edit/
2024-08-04 20:25:57,598 - setup - DEBUG - Registered URL rule: /admin/servicemodel/export/<export_type>/
2024-08-04 20:25:57,599 - setup - DEBUG - Registered URL rule: /admin/servicemodel/
2024-08-04 20:25:57,600 - setup - DEBUG - Registered URL rule: /admin/companymodel/action/
